<?xml version="1.0" encoding="UTF-8"?>
<robot generator="Robot 4.1.1 (Python 3.7.5 on win32)" generated="20211020 19:06:36.258" rpa="true" schemaversion="2">
<suite id="s1" name="Ordersrob" source="C:\ProgramData\Temp\rcfee5d3\AppData\Local\Temp\30_18088_764360700_1\workarea61704c94\ordersrob.robot">
<test id="s1-t1" name="Order robots from RobotSpareBin Industries Inc">
<kw name="Get CSVFile orders">
<var>${orders}</var>
<kw name="Get The CSV Data Order Address">
<var>${csv_url_orders_file}</var>
<kw name="Add heading" library="RPA.Dialogs">
<arg>Insert the CSV File Orders Address</arg>
<doc>Add a centered heading text element</doc>
<status status="PASS" starttime="20211020 19:06:37.625" endtime="20211020 19:06:37.625"/>
</kw>
<kw name="Add text input" library="RPA.Dialogs">
<arg>DataOrderAddress</arg>
<arg>label=What is the CSV Data Web Order Address ?</arg>
<arg>placeholder=Instert "https://robotsparebinindustries.com/orders.csv" here :-)</arg>
<tag>input</tag>
<doc>Add a text input element</doc>
<status status="PASS" starttime="20211020 19:06:37.625" endtime="20211020 19:06:37.626"/>
</kw>
<kw name="Run dialog" library="RPA.Dialogs">
<var>${result}</var>
<tag>dialog</tag>
<doc>Create a dialog from all the defined elements and block
until the user has handled it.</doc>
<msg timestamp="20211020 19:06:37.626" level="INFO">Protecting keyword: RPA.Dialogs.Run dialog</msg>
<msg timestamp="20211020 19:06:46.993" level="INFO">Log level changed from NONE to INFO.</msg>
<status status="PASS" starttime="20211020 19:06:37.626" endtime="20211020 19:06:46.993"/>
</kw>
<kw name="Log To Console" library="BuiltIn">
<arg>${result}</arg>
<doc>Logs the given message to the console.</doc>
<status status="PASS" starttime="20211020 19:06:46.993" endtime="20211020 19:06:46.994"/>
</kw>
<msg timestamp="20211020 19:06:46.995" level="INFO">${csv_url_orders_file} = https://robotsparebinindustries.com/orders.csv</msg>
<status status="PASS" starttime="20211020 19:06:37.625" endtime="20211020 19:06:46.995"/>
</kw>
<kw name="Download" library="RPA.HTTP">
<arg>${csv_url_orders_file}</arg>
<arg>target_file=${data_folder}</arg>
<arg>overwrite=True</arg>
<doc>An alias for the ``HTTP Get`` keyword.</doc>
<msg timestamp="20211020 19:06:46.996" level="INFO">Creating a new HTTP session</msg>
<msg timestamp="20211020 19:06:46.996" level="INFO">Creating Session using : alias=rpasession_alias.httpsrobotsparebinindustries.com, url=https://robotsparebinindustries.com, headers={},                     cookies={}, auth=None, timeout=None, proxies=None, verify=True,                     debug=0 </msg>
<msg timestamp="20211020 19:06:47.092" level="INFO">GET Request : url=https://robotsparebinindustries.com/orders.csv 
 path_url=/orders.csv 
 headers={'User-Agent': 'python-requests/2.26.0', 'Accept-Encoding': 'gzip, deflate', 'Accept': '*/*', 'Connection': 'keep-alive'} 
 body=None 
 </msg>
<msg timestamp="20211020 19:06:47.092" level="INFO">GET Response : url=https://robotsparebinindustries.com/orders.csv 
 status=200, reason=OK 
 headers={'Connection': 'keep-alive', 'Content-Length': '199', 'Server': 'GitHub.com', 'Content-Type': 'text/csv; charset=utf-8', 'Last-Modified': 'Fri, 13 Aug 2021 11:27:04 GMT', 'Access-Control-Allow-Origin': '*', 'Strict-Transport-Security': 'max-age=31556952', 'ETag': 'W/"61165708-19c"', 'expires': 'Wed, 20 Oct 2021 16:57:48 GMT', 'Cache-Control': 'max-age=600', 'Content-Encoding': 'gzip', 'x-proxy-cache': 'MISS', 'X-GitHub-Request-Id': 'EF0E:0AD3:3B805A:515365:61704834', 'Accept-Ranges': 'bytes', 'Date': 'Wed, 20 Oct 2021 17:06:46 GMT', 'Via': '1.1 varnish', 'Age': '115', 'X-Served-By': 'cache-mxp6936-MXP', 'X-Cache': 'HIT', 'X-Cache-Hits': '1', 'X-Timer': 'S1634749607.659902,VS0,VE1', 'Vary': 'Accept-Encoding', 'X-Fastly-Request-ID': 'c8fb3cdc1e28656dfc75aa554fa81787721b9c1f'} 
 body=Order number,Head,Body,Legs,Address
1,1,2,3,Address 123
2,4,1,5,Address 456
3,6,2,3,Address 789
4,2,3,2,Address 1
5,3,5,1,Address 2
6,1,6,6,Address 3
7,5,1,5,Address 4
8,2,3,3,Address 5
9,3,2,2,Address 6
10,4,4,2,Address 7
11,6,6,1,Address 8
12,1,3,3,Address 9
13,1,5,4,Address A
14,3,1,5,Address B
15,3,2,6,Address C
16,6,3,6,Address D
17,5,4,1,Address E
18,2,5,1,Address F
19,4,6,2,Address G
20,1,1,5,Address H 
 </msg>
<status status="PASS" starttime="20211020 19:06:46.995" endtime="20211020 19:06:47.094"/>
</kw>
<kw name="Read table from CSV" library="RPA.Tables">
<var>${table}</var>
<arg>path=${orders_file}</arg>
<doc>Read a CSV file as a table.</doc>
<msg timestamp="20211020 19:06:47.100" level="INFO">${table} = Table(columns=['Order number', 'Head', 'Body', 'Legs', 'Address'], rows=20)</msg>
<status status="PASS" starttime="20211020 19:06:47.094" endtime="20211020 19:06:47.100"/>
</kw>
<msg timestamp="20211020 19:06:47.101" level="INFO">${orders} = Table(columns=['Order number', 'Head', 'Body', 'Legs', 'Address'], rows=20)</msg>
<status status="PASS" starttime="20211020 19:06:37.624" endtime="20211020 19:06:47.101"/>
</kw>
<kw name="Open the robot order website">
<kw name="Get The Order Address">
<var>${url}</var>
<kw name="Add heading" library="RPA.Dialogs">
<arg>Insert the Orders Address</arg>
<doc>Add a centered heading text element</doc>
<status status="PASS" starttime="20211020 19:06:47.102" endtime="20211020 19:06:47.102"/>
</kw>
<kw name="Add text input" library="RPA.Dialogs">
<arg>OrderAddress</arg>
<arg>label=What is the Web Address Order?</arg>
<arg>placeholder=Instert "https://robotsparebinindustries.com/#/robot-order" here :-)</arg>
<tag>input</tag>
<doc>Add a text input element</doc>
<status status="PASS" starttime="20211020 19:06:47.102" endtime="20211020 19:06:47.102"/>
</kw>
<kw name="Run dialog" library="RPA.Dialogs">
<var>${result}</var>
<tag>dialog</tag>
<doc>Create a dialog from all the defined elements and block
until the user has handled it.</doc>
<msg timestamp="20211020 19:06:47.103" level="INFO">Protecting keyword: RPA.Dialogs.Run dialog</msg>
<msg timestamp="20211020 19:07:52.674" level="INFO">Log level changed from NONE to INFO.</msg>
<status status="PASS" starttime="20211020 19:06:47.103" endtime="20211020 19:07:52.673"/>
</kw>
<kw name="Log To Console" library="BuiltIn">
<arg>${result}</arg>
<doc>Logs the given message to the console.</doc>
<status status="PASS" starttime="20211020 19:07:52.674" endtime="20211020 19:07:52.674"/>
</kw>
<msg timestamp="20211020 19:07:52.675" level="INFO">${url} = https://robotsparebinindustries.com/#/robot-order</msg>
<status status="PASS" starttime="20211020 19:06:47.101" endtime="20211020 19:07:52.675"/>
</kw>
<kw name="Open Chrome Browser" library="RPA.Browser.Selenium">
<arg>${url}</arg>
<doc>Open Chrome browser. See ``Open Available Browser`` for
descriptions of arguments.</doc>
<msg timestamp="20211020 19:07:52.676" level="INFO">Creating an instance of the Chrome WebDriver.</msg>
<msg timestamp="20211020 19:07:52.711" level="INFO">Created download root directory: C:\Users\stefa\AppData\Local\robocorp\webdrivers</msg>
<msg timestamp="20211020 19:07:52.711" level="INFO">Created symlink directory: C:\Users\stefa\AppData\Local\robocorp\webdrivers</msg>
<msg timestamp="20211020 19:07:52.711" level="INFO">Creating an instance of the Chrome WebDriver.</msg>
<msg timestamp="20211020 19:07:53.821" level="INFO">Created Chrome browser with arguments: --disable-dev-shm-usage --disable-web-security --allow-running-insecure-content --no-sandbox</msg>
<msg timestamp="20211020 19:07:53.821" level="INFO" html="true">&lt;p&gt;Attempted combinations:&lt;/p&gt;&lt;div class="doc"&gt;&lt;table&gt;&lt;tr&gt;&lt;th&gt;Browser&lt;/th&gt;&lt;th&gt;Download&lt;/th&gt;&lt;th&gt;Error&lt;/th&gt;&lt;/tr&gt;&lt;tr&gt;&lt;td&gt;Chrome&lt;/td&gt;&lt;td&gt;False&lt;/td&gt;&lt;td&gt;Message: 'chromedriver' executable needs to be in PATH. Please see https://sites.google.com/a/chromium.org/chromedriver/home
&lt;/td&gt;&lt;/tr&gt;&lt;tr&gt;&lt;td&gt;Chrome&lt;/td&gt;&lt;td&gt;True&lt;/td&gt;&lt;td&gt;&lt;/td&gt;&lt;/tr&gt;&lt;/table&gt;&lt;/div&gt;</msg>
<msg timestamp="20211020 19:07:53.821" level="INFO">Opening url 'https://robotsparebinindustries.com/#/robot-order'</msg>
<status status="PASS" starttime="20211020 19:07:52.676" endtime="20211020 19:07:54.336"/>
</kw>
<status status="PASS" starttime="20211020 19:06:47.101" endtime="20211020 19:07:54.337"/>
</kw>
<for flavor="IN">
<var>${row}</var>
<value>@{orders}</value>
<iter>
<var name="${row}">{'Order number': '1', 'Head': '1', 'Body': '2', 'Legs': '3', 'Address': 'Address 123'}</var>
<kw name="Close the annoying window">
<kw name="Wait And Click Button" library="RPA.Browser.Selenium">
<arg>XPath://*[@id="root"]/div/div[2]/div/div/div/div/div/button[1]</arg>
<doc>Click button identified by ``locator``, once it becomes visible.</doc>
<msg timestamp="20211020 19:07:54.367" level="INFO">Clicking button 'XPath://*[@id="root"]/div/div[2]/div/div/div/div/div/button[1]'.</msg>
<status status="PASS" starttime="20211020 19:07:54.340" endtime="20211020 19:07:54.422"/>
</kw>
<status status="PASS" starttime="20211020 19:07:54.339" endtime="20211020 19:07:54.423"/>
</kw>
<kw name="Fill the form">
<arg>${row}</arg>
<kw name="Set Local Variable" library="BuiltIn">
<arg>${order_no}</arg>
<arg>${myrow}[Order number]</arg>
<doc>Makes a variable available everywhere within the local scope.</doc>
<msg timestamp="20211020 19:07:54.425" level="INFO">${order_no} = 1</msg>
<status status="PASS" starttime="20211020 19:07:54.423" endtime="20211020 19:07:54.425"/>
</kw>
<kw name="Set Local Variable" library="BuiltIn">
<arg>${head}</arg>
<arg>${myrow}[Head]</arg>
<doc>Makes a variable available everywhere within the local scope.</doc>
<msg timestamp="20211020 19:07:54.426" level="INFO">${head} = 1</msg>
<status status="PASS" starttime="20211020 19:07:54.425" endtime="20211020 19:07:54.426"/>
</kw>
<kw name="Set Local Variable" library="BuiltIn">
<arg>${body}</arg>
<arg>${myrow}[Body]</arg>
<doc>Makes a variable available everywhere within the local scope.</doc>
<msg timestamp="20211020 19:07:54.428" level="INFO">${body} = 2</msg>
<status status="PASS" starttime="20211020 19:07:54.427" endtime="20211020 19:07:54.428"/>
</kw>
<kw name="Set Local Variable" library="BuiltIn">
<arg>${legs}</arg>
<arg>${myrow}[Legs]</arg>
<doc>Makes a variable available everywhere within the local scope.</doc>
<msg timestamp="20211020 19:07:54.430" level="INFO">${legs} = 3</msg>
<status status="PASS" starttime="20211020 19:07:54.428" endtime="20211020 19:07:54.430"/>
</kw>
<kw name="Set Local Variable" library="BuiltIn">
<arg>${address}</arg>
<arg>${myrow}[Address]</arg>
<doc>Makes a variable available everywhere within the local scope.</doc>
<msg timestamp="20211020 19:07:54.432" level="INFO">${address} = Address 123</msg>
<status status="PASS" starttime="20211020 19:07:54.431" endtime="20211020 19:07:54.432"/>
</kw>
<kw name="Set Local Variable" library="BuiltIn">
<arg>${input_head}</arg>
<arg>//*[@id="head"]</arg>
<doc>Makes a variable available everywhere within the local scope.</doc>
<msg timestamp="20211020 19:07:54.434" level="INFO">${input_head} = //*[@id="head"]</msg>
<status status="PASS" starttime="20211020 19:07:54.433" endtime="20211020 19:07:54.435"/>
</kw>
<kw name="Set Local Variable" library="BuiltIn">
<arg>${input_body}</arg>
<arg>body</arg>
<doc>Makes a variable available everywhere within the local scope.</doc>
<msg timestamp="20211020 19:07:54.436" level="INFO">${input_body} = body</msg>
<status status="PASS" starttime="20211020 19:07:54.435" endtime="20211020 19:07:54.436"/>
</kw>
<kw name="Set Local Variable" library="BuiltIn">
<arg>${input_legs}</arg>
<arg>xpath://html/body/div/div/div[1]/div/div[1]/form/div[3]/input</arg>
<doc>Makes a variable available everywhere within the local scope.</doc>
<msg timestamp="20211020 19:07:54.438" level="INFO">${input_legs} = xpath://html/body/div/div/div[1]/div/div[1]/form/div[3]/input</msg>
<status status="PASS" starttime="20211020 19:07:54.436" endtime="20211020 19:07:54.438"/>
</kw>
<kw name="Set Local Variable" library="BuiltIn">
<arg>${input_address}</arg>
<arg>//*[@id="address"]</arg>
<doc>Makes a variable available everywhere within the local scope.</doc>
<msg timestamp="20211020 19:07:54.440" level="INFO">${input_address} = //*[@id="address"]</msg>
<status status="PASS" starttime="20211020 19:07:54.438" endtime="20211020 19:07:54.440"/>
</kw>
<kw name="Set Local Variable" library="BuiltIn">
<arg>${btn_preview}</arg>
<arg>//*[@id="preview"]</arg>
<doc>Makes a variable available everywhere within the local scope.</doc>
<msg timestamp="20211020 19:07:54.442" level="INFO">${btn_preview} = //*[@id="preview"]</msg>
<status status="PASS" starttime="20211020 19:07:54.440" endtime="20211020 19:07:54.442"/>
</kw>
<kw name="Set Local Variable" library="BuiltIn">
<arg>${btn_order}</arg>
<arg>//*[@id="order"]</arg>
<doc>Makes a variable available everywhere within the local scope.</doc>
<msg timestamp="20211020 19:07:54.443" level="INFO">${btn_order} = //*[@id="order"]</msg>
<status status="PASS" starttime="20211020 19:07:54.442" endtime="20211020 19:07:54.443"/>
</kw>
<kw name="Set Local Variable" library="BuiltIn">
<arg>${img_preview}</arg>
<arg>//*[@id="robot-preview-image"]</arg>
<doc>Makes a variable available everywhere within the local scope.</doc>
<msg timestamp="20211020 19:07:54.445" level="INFO">${img_preview} = //*[@id="robot-preview-image"]</msg>
<status status="PASS" starttime="20211020 19:07:54.444" endtime="20211020 19:07:54.445"/>
</kw>
<kw name="Wait Until Element Is Visible" library="RPA.Browser.Selenium">
<arg>${input_head}</arg>
<doc>Waits until the element ``locator`` is visible.</doc>
<status status="PASS" starttime="20211020 19:07:54.445" endtime="20211020 19:07:54.469"/>
</kw>
<kw name="Wait Until Element Is Enabled" library="RPA.Browser.Selenium">
<arg>${input_head}</arg>
<doc>Waits until the element ``locator`` is enabled.</doc>
<status status="PASS" starttime="20211020 19:07:54.469" endtime="20211020 19:07:54.486"/>
</kw>
<kw name="Select From List By Value" library="RPA.Browser.Selenium">
<arg>${input_head}</arg>
<arg>${head}</arg>
<doc>Selects options from selection list ``locator`` by ``values``.</doc>
<msg timestamp="20211020 19:07:54.487" level="INFO">Selecting options from selection list '//*[@id="head"]' by value 1.</msg>
<status status="PASS" starttime="20211020 19:07:54.486" endtime="20211020 19:07:54.540"/>
</kw>
<kw name="Wait Until Element Is Enabled" library="RPA.Browser.Selenium">
<arg>${input_body}</arg>
<doc>Waits until the element ``locator`` is enabled.</doc>
<status status="PASS" starttime="20211020 19:07:54.540" endtime="20211020 19:07:54.563"/>
</kw>
<kw name="Select Radio Button" library="RPA.Browser.Selenium">
<arg>${input_body}</arg>
<arg>${body}</arg>
<doc>Sets the radio button group ``group_name`` to ``value``.</doc>
<msg timestamp="20211020 19:07:54.564" level="INFO">Selecting '2' from radio button 'body'.</msg>
<status status="PASS" starttime="20211020 19:07:54.563" endtime="20211020 19:07:54.618"/>
</kw>
<kw name="Wait Until Element Is Enabled" library="RPA.Browser.Selenium">
<arg>${input_legs}</arg>
<doc>Waits until the element ``locator`` is enabled.</doc>
<status status="PASS" starttime="20211020 19:07:54.619" endtime="20211020 19:07:54.639"/>
</kw>
<kw name="Input Text" library="RPA.Browser.Selenium">
<arg>${input_legs}</arg>
<arg>${legs}</arg>
<doc>Types the given ``text`` into the text field identified by ``locator``.</doc>
<msg timestamp="20211020 19:07:54.640" level="INFO">Typing text '3' into text field 'xpath://html/body/div/div/div[1]/div/div[1]/form/div[3]/input'.</msg>
<status status="PASS" starttime="20211020 19:07:54.639" endtime="20211020 19:07:54.705"/>
</kw>
<kw name="Wait Until Element Is Enabled" library="RPA.Browser.Selenium">
<arg>${input_address}</arg>
<doc>Waits until the element ``locator`` is enabled.</doc>
<status status="PASS" starttime="20211020 19:07:54.705" endtime="20211020 19:07:54.728"/>
</kw>
<kw name="Input Text" library="RPA.Browser.Selenium">
<arg>${input_address}</arg>
<arg>${address}</arg>
<doc>Types the given ``text`` into the text field identified by ``locator``.</doc>
<msg timestamp="20211020 19:07:54.730" level="INFO">Typing text 'Address 123' into text field '//*[@id="address"]'.</msg>
<status status="PASS" starttime="20211020 19:07:54.729" endtime="20211020 19:07:54.798"/>
</kw>
<status status="PASS" starttime="20211020 19:07:54.423" endtime="20211020 19:07:54.798"/>
</kw>
<kw name="Preview the robot">
<kw name="Set Local Variable" library="BuiltIn">
<arg>${btn_preview}</arg>
<arg>//*[@id="preview"]</arg>
<doc>Makes a variable available everywhere within the local scope.</doc>
<msg timestamp="20211020 19:07:54.801" level="INFO">${btn_preview} = //*[@id="preview"]</msg>
<status status="PASS" starttime="20211020 19:07:54.799" endtime="20211020 19:07:54.801"/>
</kw>
<kw name="Set Local Variable" library="BuiltIn">
<arg>${img_preview}</arg>
<arg>//*[@id="robot-preview-image"]</arg>
<doc>Makes a variable available everywhere within the local scope.</doc>
<msg timestamp="20211020 19:07:54.803" level="INFO">${img_preview} = //*[@id="robot-preview-image"]</msg>
<status status="PASS" starttime="20211020 19:07:54.801" endtime="20211020 19:07:54.803"/>
</kw>
<kw name="Click Button" library="RPA.Browser.Selenium">
<arg>${btn_preview}</arg>
<doc>Clicks the button identified by ``locator``.</doc>
<msg timestamp="20211020 19:07:54.803" level="INFO">Clicking button '//*[@id="preview"]'.</msg>
<status status="PASS" starttime="20211020 19:07:54.803" endtime="20211020 19:07:54.857"/>
</kw>
<kw name="Wait Until Element Is Visible" library="RPA.Browser.Selenium">
<arg>${img_preview}</arg>
<doc>Waits until the element ``locator`` is visible.</doc>
<status status="PASS" starttime="20211020 19:07:54.857" endtime="20211020 19:07:54.878"/>
</kw>
<status status="PASS" starttime="20211020 19:07:54.799" endtime="20211020 19:07:54.878"/>
</kw>
<kw name="Wait Until Keyword Succeeds" library="BuiltIn">
<arg>10x</arg>
<arg>2s</arg>
<arg>Submit the order</arg>
<doc>Runs the specified keyword and retries if it fails.</doc>
<kw name="Submit the order">
<kw name="Set Local Variable" library="BuiltIn">
<arg>${btn_order}</arg>
<arg>//*[@id="order"]</arg>
<doc>Makes a variable available everywhere within the local scope.</doc>
<msg timestamp="20211020 19:07:54.883" level="INFO">${btn_order} = //*[@id="order"]</msg>
<status status="PASS" starttime="20211020 19:07:54.880" endtime="20211020 19:07:54.883"/>
</kw>
<kw name="Set Local Variable" library="BuiltIn">
<arg>${lbl_receipt}</arg>
<arg>//*[@id="receipt"]</arg>
<doc>Makes a variable available everywhere within the local scope.</doc>
<msg timestamp="20211020 19:07:54.885" level="INFO">${lbl_receipt} = //*[@id="receipt"]</msg>
<status status="PASS" starttime="20211020 19:07:54.883" endtime="20211020 19:07:54.885"/>
</kw>
<kw name="Click Button" library="RPA.Browser.Selenium">
<arg>${btn_order}</arg>
<doc>Clicks the button identified by ``locator``.</doc>
<msg timestamp="20211020 19:07:54.886" level="INFO">Clicking button '//*[@id="order"]'.</msg>
<status status="PASS" starttime="20211020 19:07:54.886" endtime="20211020 19:07:54.939"/>
</kw>
<kw name="Page Should Contain Element" library="RPA.Browser.Selenium">
<arg>${lbl_receipt}</arg>
<doc>Verifies that element ``locator`` is found on the current page.</doc>
<msg timestamp="20211020 19:07:54.949" level="INFO">Current page contains element '//*[@id="receipt"]'.</msg>
<status status="PASS" starttime="20211020 19:07:54.939" endtime="20211020 19:07:54.949"/>
</kw>
<status status="PASS" starttime="20211020 19:07:54.879" endtime="20211020 19:07:54.950"/>
</kw>
<status status="PASS" starttime="20211020 19:07:54.879" endtime="20211020 19:07:54.950"/>
</kw>
<kw name="Store the receipt as a PDF file">
<var>${pdf}</var>
<arg>${row}[Order number]</arg>
<kw name="Wait Until Element Is Visible" library="RPA.Browser.Selenium">
<arg>//*[@id="receipt"]</arg>
<doc>Waits until the element ``locator`` is visible.</doc>
<status status="PASS" starttime="20211020 19:07:54.951" endtime="20211020 19:07:54.965"/>
</kw>
<kw name="Log To Console" library="BuiltIn">
<arg>Printing ${ORDER_NUMBER}</arg>
<doc>Logs the given message to the console.</doc>
<status status="PASS" starttime="20211020 19:07:54.965" endtime="20211020 19:07:54.966"/>
</kw>
<kw name="Get Element Attribute" library="RPA.Browser.Selenium">
<var>${order_receipt_html}</var>
<arg>//*[@id="receipt"]</arg>
<arg>outerHTML</arg>
<doc>Returns the value of ``attribute`` from the element ``locator``.</doc>
<msg timestamp="20211020 19:07:54.976" level="INFO">${order_receipt_html} = &lt;div id="receipt" class="alert alert-success" role="alert"&gt;&lt;h3&gt;Receipt&lt;/h3&gt;&lt;div&gt;2021-10-20T17:07:54.932Z&lt;/div&gt;&lt;p class="badge badge-success"&gt;RSB-ROBO-ORDER-QERREH07OS&lt;/p&gt;&lt;p&gt;Address 123&lt;/p&gt;&lt;div id="par...</msg>
<status status="PASS" starttime="20211020 19:07:54.966" endtime="20211020 19:07:54.976"/>
</kw>
<kw name="Set Local Variable" library="BuiltIn">
<arg>${full_img_filename}</arg>
<arg>${pdf_folder}${/}${ORDER_NUMBER}.pdf</arg>
<doc>Makes a variable available everywhere within the local scope.</doc>
<msg timestamp="20211020 19:07:54.978" level="INFO">${full_img_filename} = C:\ProgramData\Temp\rcfee5d3\AppData\Local\Temp\30_18088_764360700_1\workarea61704c94\pdf\1.pdf</msg>
<status status="PASS" starttime="20211020 19:07:54.977" endtime="20211020 19:07:54.978"/>
</kw>
<kw name="Html To Pdf" library="RPA.PDF">
<arg>content=${order_receipt_html}</arg>
<arg>output_path=${full_img_filename}</arg>
<doc>Generate a PDF file from HTML content.</doc>
<msg timestamp="20211020 19:07:54.979" level="INFO">Writing output to file C:\Users\stefa\AppData\Local\Temp\30_18088_764360700_1\workarea61704c94\pdf\1.pdf</msg>
<status status="PASS" starttime="20211020 19:07:54.978" endtime="20211020 19:07:54.985"/>
</kw>
<msg timestamp="20211020 19:07:54.986" level="INFO">${pdf} = C:\ProgramData\Temp\rcfee5d3\AppData\Local\Temp\30_18088_764360700_1\workarea61704c94\pdf\1.pdf</msg>
<status status="PASS" starttime="20211020 19:07:54.950" endtime="20211020 19:07:54.986"/>
</kw>
<kw name="Take a screenshot of the robot">
<var>${orderid}</var>
<var>${screenshot}</var>
<arg>${row}[Order number]</arg>
<kw name="Set Local Variable" library="BuiltIn">
<arg>${lbl_orderid}</arg>
<arg>xpath://html/body/div/div/div[1]/div/div[1]/div/div/p[1]</arg>
<doc>Makes a variable available everywhere within the local scope.</doc>
<msg timestamp="20211020 19:07:54.988" level="INFO">${lbl_orderid} = xpath://html/body/div/div/div[1]/div/div[1]/div/div/p[1]</msg>
<status status="PASS" starttime="20211020 19:07:54.986" endtime="20211020 19:07:54.988"/>
</kw>
<kw name="Set Local Variable" library="BuiltIn">
<arg>${img_robot}</arg>
<arg>//*[@id="robot-preview-image"]</arg>
<doc>Makes a variable available everywhere within the local scope.</doc>
<msg timestamp="20211020 19:07:54.989" level="INFO">${img_robot} = //*[@id="robot-preview-image"]</msg>
<status status="PASS" starttime="20211020 19:07:54.988" endtime="20211020 19:07:54.989"/>
</kw>
<kw name="Set Local Variable" library="BuiltIn">
<arg>${full_img_filename}</arg>
<arg>${img_folder}${/}${orderid}.png</arg>
<doc>Makes a variable available everywhere within the local scope.</doc>
<msg timestamp="20211020 19:07:54.992" level="INFO">${full_img_filename} = C:\ProgramData\Temp\rcfee5d3\AppData\Local\Temp\30_18088_764360700_1\workarea61704c94\image\1.png</msg>
<status status="PASS" starttime="20211020 19:07:54.990" endtime="20211020 19:07:54.992"/>
</kw>
<kw name="Wait Until Element Is Visible" library="RPA.Browser.Selenium">
<arg>${img_robot}</arg>
<doc>Waits until the element ``locator`` is visible.</doc>
<status status="PASS" starttime="20211020 19:07:54.993" endtime="20211020 19:07:55.007"/>
</kw>
<kw name="Wait Until Element Is Visible" library="RPA.Browser.Selenium">
<arg>${lbl_orderid}</arg>
<doc>Waits until the element ``locator`` is visible.</doc>
<status status="PASS" starttime="20211020 19:07:55.007" endtime="20211020 19:07:55.025"/>
</kw>
<kw name="Log To Console" library="BuiltIn">
<arg>Capturing Screenshot to ${full_img_filename}</arg>
<doc>Logs the given message to the console.</doc>
<status status="PASS" starttime="20211020 19:07:55.025" endtime="20211020 19:07:55.025"/>
</kw>
<kw name="Capture Element Screenshot" library="RPA.Browser.Selenium">
<arg>${img_robot}</arg>
<arg>${full_img_filename}</arg>
<doc>Captures a screenshot from the element identified by ``locator`` and embeds it into log file.</doc>
<msg timestamp="20211020 19:07:55.130" level="INFO" html="true">&lt;/td&gt;&lt;/tr&gt;&lt;tr&gt;&lt;td colspan="3"&gt;&lt;a href="../image/1.png"&gt;&lt;img src="../image/1.png" width="400px"&gt;&lt;/a&gt;</msg>
<status status="PASS" starttime="20211020 19:07:55.025" endtime="20211020 19:07:55.130"/>
</kw>
<msg timestamp="20211020 19:07:55.131" level="INFO">${orderid} = 1</msg>
<msg timestamp="20211020 19:07:55.131" level="INFO">${screenshot} = C:\ProgramData\Temp\rcfee5d3\AppData\Local\Temp\30_18088_764360700_1\workarea61704c94\image\1.png</msg>
<status status="PASS" starttime="20211020 19:07:54.986" endtime="20211020 19:07:55.131"/>
</kw>
<kw name="Log To Console" library="BuiltIn">
<arg>PDF Name</arg>
<arg>${pdf}</arg>
<doc>Logs the given message to the console.</doc>
<status status="PASS" starttime="20211020 19:07:55.132" endtime="20211020 19:07:55.132"/>
</kw>
<kw name="Log To Console" library="BuiltIn">
<arg>Image Name</arg>
<arg>${screenshot}</arg>
<doc>Logs the given message to the console.</doc>
<status status="PASS" starttime="20211020 19:07:55.132" endtime="20211020 19:07:55.134"/>
</kw>
<kw name="Embed the robot screenshot to the receipt PDF file">
<arg>${screenshot}</arg>
<arg>${pdf}</arg>
<kw name="Log To Console" library="BuiltIn">
<arg>Printing Embedding image FUNC ${IMG_FILE} in pdf file ${PDF_FILE}</arg>
<doc>Logs the given message to the console.</doc>
<status status="PASS" starttime="20211020 19:07:55.135" endtime="20211020 19:07:55.135"/>
</kw>
<kw name="Open Pdf" library="RPA.PDF">
<arg>${PDF_FILE}</arg>
<doc>Open a PDF document for reading.</doc>
<status status="PASS" starttime="20211020 19:07:55.136" endtime="20211020 19:07:55.136"/>
</kw>
<kw name="Create List" library="BuiltIn">
<var>${myfiles}</var>
<arg>${IMG_FILE}:x=0,y=0</arg>
<doc>Returns a list containing given items.</doc>
<msg timestamp="20211020 19:07:55.137" level="INFO">${myfiles} = ['C:\\ProgramData\\Temp\\rcfee5d3\\AppData\\Local\\Temp\\30_18088_764360700_1\\workarea61704c94\\image\\1.png:x=0,y=0']</msg>
<status status="PASS" starttime="20211020 19:07:55.137" endtime="20211020 19:07:55.137"/>
</kw>
<kw name="Add Files To Pdf" library="RPA.PDF">
<arg>${myfiles}</arg>
<arg>${PDF_FILE}</arg>
<arg>${True}</arg>
<doc>Add images and/or pdfs to new PDF document</doc>
<msg timestamp="20211020 19:07:55.139" level="INFO">Adding page: 0</msg>
<msg timestamp="20211020 19:07:55.139" level="INFO">File C:\ProgramData\Temp\rcfee5d3\AppData\Local\Temp\30_18088_764360700_1\workarea61704c94\image\1.png type: png</msg>
<msg timestamp="20211020 19:07:55.139" level="INFO">Image parameters: {'x': '0', 'y': '0'}</msg>
<status status="PASS" starttime="20211020 19:07:55.137" endtime="20211020 19:07:55.229"/>
</kw>
<kw name="Close Pdf" library="RPA.PDF">
<arg>${PDF_FILE}</arg>
<doc>Close PDF file descriptor for certain file.</doc>
<msg timestamp="20211020 19:07:55.231" level="INFO">Closing PDF document: C:\ProgramData\Temp\rcfee5d3\AppData\Local\Temp\30_18088_764360700_1\workarea61704c94\pdf\1.pdf</msg>
<status status="PASS" starttime="20211020 19:07:55.230" endtime="20211020 19:07:55.231"/>
</kw>
<status status="PASS" starttime="20211020 19:07:55.134" endtime="20211020 19:07:55.232"/>
</kw>
<kw name="Submit another order">
<kw name="Set Local Variable" library="BuiltIn">
<arg>${btn_order_another_robot}</arg>
<arg>//*[@id="order-another"]</arg>
<doc>Makes a variable available everywhere within the local scope.</doc>
<msg timestamp="20211020 19:07:55.234" level="INFO">${btn_order_another_robot} = //*[@id="order-another"]</msg>
<status status="PASS" starttime="20211020 19:07:55.233" endtime="20211020 19:07:55.234"/>
</kw>
<kw name="Click Button" library="RPA.Browser.Selenium">
<arg>${btn_order_another_robot}</arg>
<doc>Clicks the button identified by ``locator``.</doc>
<msg timestamp="20211020 19:07:55.235" level="INFO">Clicking button '//*[@id="order-another"]'.</msg>
<status status="PASS" starttime="20211020 19:07:55.235" endtime="20211020 19:07:55.373"/>
</kw>
<status status="PASS" starttime="20211020 19:07:55.232" endtime="20211020 19:07:55.374"/>
</kw>
<status status="PASS" starttime="20211020 19:07:54.339" endtime="20211020 19:07:55.374"/>
</iter>
<iter>
<var name="${row}">{'Order number': '2', 'Head': '4', 'Body': '1', 'Legs': '5', 'Address': 'Address 456'}</var>
<kw name="Close the annoying window">
<kw name="Wait And Click Button" library="RPA.Browser.Selenium">
<arg>XPath://*[@id="root"]/div/div[2]/div/div/div/div/div/button[1]</arg>
<doc>Click button identified by ``locator``, once it becomes visible.</doc>
<msg timestamp="20211020 19:07:55.393" level="INFO">Clicking button 'XPath://*[@id="root"]/div/div[2]/div/div/div/div/div/button[1]'.</msg>
<status status="PASS" starttime="20211020 19:07:55.376" endtime="20211020 19:07:55.435"/>
</kw>
<status status="PASS" starttime="20211020 19:07:55.375" endtime="20211020 19:07:55.436"/>
</kw>
<kw name="Fill the form">
<arg>${row}</arg>
<kw name="Set Local Variable" library="BuiltIn">
<arg>${order_no}</arg>
<arg>${myrow}[Order number]</arg>
<doc>Makes a variable available everywhere within the local scope.</doc>
<msg timestamp="20211020 19:07:55.438" level="INFO">${order_no} = 2</msg>
<status status="PASS" starttime="20211020 19:07:55.437" endtime="20211020 19:07:55.438"/>
</kw>
<kw name="Set Local Variable" library="BuiltIn">
<arg>${head}</arg>
<arg>${myrow}[Head]</arg>
<doc>Makes a variable available everywhere within the local scope.</doc>
<msg timestamp="20211020 19:07:55.440" level="INFO">${head} = 4</msg>
<status status="PASS" starttime="20211020 19:07:55.439" endtime="20211020 19:07:55.440"/>
</kw>
<kw name="Set Local Variable" library="BuiltIn">
<arg>${body}</arg>
<arg>${myrow}[Body]</arg>
<doc>Makes a variable available everywhere within the local scope.</doc>
<msg timestamp="20211020 19:07:55.441" level="INFO">${body} = 1</msg>
<status status="PASS" starttime="20211020 19:07:55.440" endtime="20211020 19:07:55.441"/>
</kw>
<kw name="Set Local Variable" library="BuiltIn">
<arg>${legs}</arg>
<arg>${myrow}[Legs]</arg>
<doc>Makes a variable available everywhere within the local scope.</doc>
<msg timestamp="20211020 19:07:55.442" level="INFO">${legs} = 5</msg>
<status status="PASS" starttime="20211020 19:07:55.441" endtime="20211020 19:07:55.443"/>
</kw>
<kw name="Set Local Variable" library="BuiltIn">
<arg>${address}</arg>
<arg>${myrow}[Address]</arg>
<doc>Makes a variable available everywhere within the local scope.</doc>
<msg timestamp="20211020 19:07:55.444" level="INFO">${address} = Address 456</msg>
<status status="PASS" starttime="20211020 19:07:55.443" endtime="20211020 19:07:55.444"/>
</kw>
<kw name="Set Local Variable" library="BuiltIn">
<arg>${input_head}</arg>
<arg>//*[@id="head"]</arg>
<doc>Makes a variable available everywhere within the local scope.</doc>
<msg timestamp="20211020 19:07:55.445" level="INFO">${input_head} = //*[@id="head"]</msg>
<status status="PASS" starttime="20211020 19:07:55.444" endtime="20211020 19:07:55.445"/>
</kw>
<kw name="Set Local Variable" library="BuiltIn">
<arg>${input_body}</arg>
<arg>body</arg>
<doc>Makes a variable available everywhere within the local scope.</doc>
<msg timestamp="20211020 19:07:55.448" level="INFO">${input_body} = body</msg>
<status status="PASS" starttime="20211020 19:07:55.446" endtime="20211020 19:07:55.448"/>
</kw>
<kw name="Set Local Variable" library="BuiltIn">
<arg>${input_legs}</arg>
<arg>xpath://html/body/div/div/div[1]/div/div[1]/form/div[3]/input</arg>
<doc>Makes a variable available everywhere within the local scope.</doc>
<msg timestamp="20211020 19:07:55.450" level="INFO">${input_legs} = xpath://html/body/div/div/div[1]/div/div[1]/form/div[3]/input</msg>
<status status="PASS" starttime="20211020 19:07:55.448" endtime="20211020 19:07:55.450"/>
</kw>
<kw name="Set Local Variable" library="BuiltIn">
<arg>${input_address}</arg>
<arg>//*[@id="address"]</arg>
<doc>Makes a variable available everywhere within the local scope.</doc>
<msg timestamp="20211020 19:07:55.452" level="INFO">${input_address} = //*[@id="address"]</msg>
<status status="PASS" starttime="20211020 19:07:55.451" endtime="20211020 19:07:55.452"/>
</kw>
<kw name="Set Local Variable" library="BuiltIn">
<arg>${btn_preview}</arg>
<arg>//*[@id="preview"]</arg>
<doc>Makes a variable available everywhere within the local scope.</doc>
<msg timestamp="20211020 19:07:55.454" level="INFO">${btn_preview} = //*[@id="preview"]</msg>
<status status="PASS" starttime="20211020 19:07:55.452" endtime="20211020 19:07:55.454"/>
</kw>
<kw name="Set Local Variable" library="BuiltIn">
<arg>${btn_order}</arg>
<arg>//*[@id="order"]</arg>
<doc>Makes a variable available everywhere within the local scope.</doc>
<msg timestamp="20211020 19:07:55.455" level="INFO">${btn_order} = //*[@id="order"]</msg>
<status status="PASS" starttime="20211020 19:07:55.454" endtime="20211020 19:07:55.456"/>
</kw>
<kw name="Set Local Variable" library="BuiltIn">
<arg>${img_preview}</arg>
<arg>//*[@id="robot-preview-image"]</arg>
<doc>Makes a variable available everywhere within the local scope.</doc>
<msg timestamp="20211020 19:07:55.457" level="INFO">${img_preview} = //*[@id="robot-preview-image"]</msg>
<status status="PASS" starttime="20211020 19:07:55.456" endtime="20211020 19:07:55.457"/>
</kw>
<kw name="Wait Until Element Is Visible" library="RPA.Browser.Selenium">
<arg>${input_head}</arg>
<doc>Waits until the element ``locator`` is visible.</doc>
<status status="PASS" starttime="20211020 19:07:55.457" endtime="20211020 19:07:55.472"/>
</kw>
<kw name="Wait Until Element Is Enabled" library="RPA.Browser.Selenium">
<arg>${input_head}</arg>
<doc>Waits until the element ``locator`` is enabled.</doc>
<status status="PASS" starttime="20211020 19:07:55.472" endtime="20211020 19:07:55.491"/>
</kw>
<kw name="Select From List By Value" library="RPA.Browser.Selenium">
<arg>${input_head}</arg>
<arg>${head}</arg>
<doc>Selects options from selection list ``locator`` by ``values``.</doc>
<msg timestamp="20211020 19:07:55.491" level="INFO">Selecting options from selection list '//*[@id="head"]' by value 4.</msg>
<status status="PASS" starttime="20211020 19:07:55.491" endtime="20211020 19:07:55.542"/>
</kw>
<kw name="Wait Until Element Is Enabled" library="RPA.Browser.Selenium">
<arg>${input_body}</arg>
<doc>Waits until the element ``locator`` is enabled.</doc>
<status status="PASS" starttime="20211020 19:07:55.542" endtime="20211020 19:07:55.559"/>
</kw>
<kw name="Select Radio Button" library="RPA.Browser.Selenium">
<arg>${input_body}</arg>
<arg>${body}</arg>
<doc>Sets the radio button group ``group_name`` to ``value``.</doc>
<msg timestamp="20211020 19:07:55.560" level="INFO">Selecting '1' from radio button 'body'.</msg>
<status status="PASS" starttime="20211020 19:07:55.560" endtime="20211020 19:07:55.608"/>
</kw>
<kw name="Wait Until Element Is Enabled" library="RPA.Browser.Selenium">
<arg>${input_legs}</arg>
<doc>Waits until the element ``locator`` is enabled.</doc>
<status status="PASS" starttime="20211020 19:07:55.608" endtime="20211020 19:07:55.626"/>
</kw>
<kw name="Input Text" library="RPA.Browser.Selenium">
<arg>${input_legs}</arg>
<arg>${legs}</arg>
<doc>Types the given ``text`` into the text field identified by ``locator``.</doc>
<msg timestamp="20211020 19:07:55.626" level="INFO">Typing text '5' into text field 'xpath://html/body/div/div/div[1]/div/div[1]/form/div[3]/input'.</msg>
<status status="PASS" starttime="20211020 19:07:55.626" endtime="20211020 19:07:55.686"/>
</kw>
<kw name="Wait Until Element Is Enabled" library="RPA.Browser.Selenium">
<arg>${input_address}</arg>
<doc>Waits until the element ``locator`` is enabled.</doc>
<status status="PASS" starttime="20211020 19:07:55.686" endtime="20211020 19:07:55.704"/>
</kw>
<kw name="Input Text" library="RPA.Browser.Selenium">
<arg>${input_address}</arg>
<arg>${address}</arg>
<doc>Types the given ``text`` into the text field identified by ``locator``.</doc>
<msg timestamp="20211020 19:07:55.705" level="INFO">Typing text 'Address 456' into text field '//*[@id="address"]'.</msg>
<status status="PASS" starttime="20211020 19:07:55.704" endtime="20211020 19:07:55.770"/>
</kw>
<status status="PASS" starttime="20211020 19:07:55.436" endtime="20211020 19:07:55.771"/>
</kw>
<kw name="Preview the robot">
<kw name="Set Local Variable" library="BuiltIn">
<arg>${btn_preview}</arg>
<arg>//*[@id="preview"]</arg>
<doc>Makes a variable available everywhere within the local scope.</doc>
<msg timestamp="20211020 19:07:55.772" level="INFO">${btn_preview} = //*[@id="preview"]</msg>
<status status="PASS" starttime="20211020 19:07:55.771" endtime="20211020 19:07:55.773"/>
</kw>
<kw name="Set Local Variable" library="BuiltIn">
<arg>${img_preview}</arg>
<arg>//*[@id="robot-preview-image"]</arg>
<doc>Makes a variable available everywhere within the local scope.</doc>
<msg timestamp="20211020 19:07:55.774" level="INFO">${img_preview} = //*[@id="robot-preview-image"]</msg>
<status status="PASS" starttime="20211020 19:07:55.773" endtime="20211020 19:07:55.774"/>
</kw>
<kw name="Click Button" library="RPA.Browser.Selenium">
<arg>${btn_preview}</arg>
<doc>Clicks the button identified by ``locator``.</doc>
<msg timestamp="20211020 19:07:55.774" level="INFO">Clicking button '//*[@id="preview"]'.</msg>
<status status="PASS" starttime="20211020 19:07:55.774" endtime="20211020 19:07:55.823"/>
</kw>
<kw name="Wait Until Element Is Visible" library="RPA.Browser.Selenium">
<arg>${img_preview}</arg>
<doc>Waits until the element ``locator`` is visible.</doc>
<status status="PASS" starttime="20211020 19:07:55.823" endtime="20211020 19:07:55.837"/>
</kw>
<status status="PASS" starttime="20211020 19:07:55.771" endtime="20211020 19:07:55.837"/>
</kw>
<kw name="Wait Until Keyword Succeeds" library="BuiltIn">
<arg>10x</arg>
<arg>2s</arg>
<arg>Submit the order</arg>
<doc>Runs the specified keyword and retries if it fails.</doc>
<kw name="Submit the order">
<kw name="Set Local Variable" library="BuiltIn">
<arg>${btn_order}</arg>
<arg>//*[@id="order"]</arg>
<doc>Makes a variable available everywhere within the local scope.</doc>
<msg timestamp="20211020 19:07:55.840" level="INFO">${btn_order} = //*[@id="order"]</msg>
<status status="PASS" starttime="20211020 19:07:55.838" endtime="20211020 19:07:55.840"/>
</kw>
<kw name="Set Local Variable" library="BuiltIn">
<arg>${lbl_receipt}</arg>
<arg>//*[@id="receipt"]</arg>
<doc>Makes a variable available everywhere within the local scope.</doc>
<msg timestamp="20211020 19:07:55.841" level="INFO">${lbl_receipt} = //*[@id="receipt"]</msg>
<status status="PASS" starttime="20211020 19:07:55.840" endtime="20211020 19:07:55.841"/>
</kw>
<kw name="Click Button" library="RPA.Browser.Selenium">
<arg>${btn_order}</arg>
<doc>Clicks the button identified by ``locator``.</doc>
<msg timestamp="20211020 19:07:55.842" level="INFO">Clicking button '//*[@id="order"]'.</msg>
<status status="PASS" starttime="20211020 19:07:55.842" endtime="20211020 19:07:55.891"/>
</kw>
<kw name="Page Should Contain Element" library="RPA.Browser.Selenium">
<arg>${lbl_receipt}</arg>
<doc>Verifies that element ``locator`` is found on the current page.</doc>
<msg timestamp="20211020 19:07:55.898" level="INFO">Current page contains element '//*[@id="receipt"]'.</msg>
<status status="PASS" starttime="20211020 19:07:55.892" endtime="20211020 19:07:55.898"/>
</kw>
<status status="PASS" starttime="20211020 19:07:55.838" endtime="20211020 19:07:55.899"/>
</kw>
<status status="PASS" starttime="20211020 19:07:55.838" endtime="20211020 19:07:55.899"/>
</kw>
<kw name="Store the receipt as a PDF file">
<var>${pdf}</var>
<arg>${row}[Order number]</arg>
<kw name="Wait Until Element Is Visible" library="RPA.Browser.Selenium">
<arg>//*[@id="receipt"]</arg>
<doc>Waits until the element ``locator`` is visible.</doc>
<status status="PASS" starttime="20211020 19:07:55.900" endtime="20211020 19:07:55.913"/>
</kw>
<kw name="Log To Console" library="BuiltIn">
<arg>Printing ${ORDER_NUMBER}</arg>
<doc>Logs the given message to the console.</doc>
<status status="PASS" starttime="20211020 19:07:55.914" endtime="20211020 19:07:55.914"/>
</kw>
<kw name="Get Element Attribute" library="RPA.Browser.Selenium">
<var>${order_receipt_html}</var>
<arg>//*[@id="receipt"]</arg>
<arg>outerHTML</arg>
<doc>Returns the value of ``attribute`` from the element ``locator``.</doc>
<msg timestamp="20211020 19:07:55.925" level="INFO">${order_receipt_html} = &lt;div id="receipt" class="alert alert-success" role="alert"&gt;&lt;h3&gt;Receipt&lt;/h3&gt;&lt;div&gt;2021-10-20T17:07:55.887Z&lt;/div&gt;&lt;p class="badge badge-success"&gt;RSB-ROBO-ORDER-4ZHSGWINNB&lt;/p&gt;&lt;p&gt;Address 456&lt;/p&gt;&lt;div id="par...</msg>
<status status="PASS" starttime="20211020 19:07:55.915" endtime="20211020 19:07:55.925"/>
</kw>
<kw name="Set Local Variable" library="BuiltIn">
<arg>${full_img_filename}</arg>
<arg>${pdf_folder}${/}${ORDER_NUMBER}.pdf</arg>
<doc>Makes a variable available everywhere within the local scope.</doc>
<msg timestamp="20211020 19:07:55.927" level="INFO">${full_img_filename} = C:\ProgramData\Temp\rcfee5d3\AppData\Local\Temp\30_18088_764360700_1\workarea61704c94\pdf\2.pdf</msg>
<status status="PASS" starttime="20211020 19:07:55.925" endtime="20211020 19:07:55.927"/>
</kw>
<kw name="Html To Pdf" library="RPA.PDF">
<arg>content=${order_receipt_html}</arg>
<arg>output_path=${full_img_filename}</arg>
<doc>Generate a PDF file from HTML content.</doc>
<msg timestamp="20211020 19:07:55.928" level="INFO">Writing output to file C:\Users\stefa\AppData\Local\Temp\30_18088_764360700_1\workarea61704c94\pdf\2.pdf</msg>
<status status="PASS" starttime="20211020 19:07:55.927" endtime="20211020 19:07:55.930"/>
</kw>
<msg timestamp="20211020 19:07:55.931" level="INFO">${pdf} = C:\ProgramData\Temp\rcfee5d3\AppData\Local\Temp\30_18088_764360700_1\workarea61704c94\pdf\2.pdf</msg>
<status status="PASS" starttime="20211020 19:07:55.899" endtime="20211020 19:07:55.931"/>
</kw>
<kw name="Take a screenshot of the robot">
<var>${orderid}</var>
<var>${screenshot}</var>
<arg>${row}[Order number]</arg>
<kw name="Set Local Variable" library="BuiltIn">
<arg>${lbl_orderid}</arg>
<arg>xpath://html/body/div/div/div[1]/div/div[1]/div/div/p[1]</arg>
<doc>Makes a variable available everywhere within the local scope.</doc>
<msg timestamp="20211020 19:07:55.933" level="INFO">${lbl_orderid} = xpath://html/body/div/div/div[1]/div/div[1]/div/div/p[1]</msg>
<status status="PASS" starttime="20211020 19:07:55.932" endtime="20211020 19:07:55.933"/>
</kw>
<kw name="Set Local Variable" library="BuiltIn">
<arg>${img_robot}</arg>
<arg>//*[@id="robot-preview-image"]</arg>
<doc>Makes a variable available everywhere within the local scope.</doc>
<msg timestamp="20211020 19:07:55.935" level="INFO">${img_robot} = //*[@id="robot-preview-image"]</msg>
<status status="PASS" starttime="20211020 19:07:55.933" endtime="20211020 19:07:55.935"/>
</kw>
<kw name="Set Local Variable" library="BuiltIn">
<arg>${full_img_filename}</arg>
<arg>${img_folder}${/}${orderid}.png</arg>
<doc>Makes a variable available everywhere within the local scope.</doc>
<msg timestamp="20211020 19:07:55.936" level="INFO">${full_img_filename} = C:\ProgramData\Temp\rcfee5d3\AppData\Local\Temp\30_18088_764360700_1\workarea61704c94\image\2.png</msg>
<status status="PASS" starttime="20211020 19:07:55.935" endtime="20211020 19:07:55.936"/>
</kw>
<kw name="Wait Until Element Is Visible" library="RPA.Browser.Selenium">
<arg>${img_robot}</arg>
<doc>Waits until the element ``locator`` is visible.</doc>
<status status="PASS" starttime="20211020 19:07:55.937" endtime="20211020 19:07:55.950"/>
</kw>
<kw name="Wait Until Element Is Visible" library="RPA.Browser.Selenium">
<arg>${lbl_orderid}</arg>
<doc>Waits until the element ``locator`` is visible.</doc>
<status status="PASS" starttime="20211020 19:07:55.950" endtime="20211020 19:07:55.963"/>
</kw>
<kw name="Log To Console" library="BuiltIn">
<arg>Capturing Screenshot to ${full_img_filename}</arg>
<doc>Logs the given message to the console.</doc>
<status status="PASS" starttime="20211020 19:07:55.963" endtime="20211020 19:07:55.964"/>
</kw>
<kw name="Capture Element Screenshot" library="RPA.Browser.Selenium">
<arg>${img_robot}</arg>
<arg>${full_img_filename}</arg>
<doc>Captures a screenshot from the element identified by ``locator`` and embeds it into log file.</doc>
<msg timestamp="20211020 19:07:56.056" level="INFO" html="true">&lt;/td&gt;&lt;/tr&gt;&lt;tr&gt;&lt;td colspan="3"&gt;&lt;a href="../image/2.png"&gt;&lt;img src="../image/2.png" width="400px"&gt;&lt;/a&gt;</msg>
<status status="PASS" starttime="20211020 19:07:55.965" endtime="20211020 19:07:56.057"/>
</kw>
<msg timestamp="20211020 19:07:56.057" level="INFO">${orderid} = 2</msg>
<msg timestamp="20211020 19:07:56.057" level="INFO">${screenshot} = C:\ProgramData\Temp\rcfee5d3\AppData\Local\Temp\30_18088_764360700_1\workarea61704c94\image\2.png</msg>
<status status="PASS" starttime="20211020 19:07:55.931" endtime="20211020 19:07:56.057"/>
</kw>
<kw name="Log To Console" library="BuiltIn">
<arg>PDF Name</arg>
<arg>${pdf}</arg>
<doc>Logs the given message to the console.</doc>
<status status="PASS" starttime="20211020 19:07:56.057" endtime="20211020 19:07:56.058"/>
</kw>
<kw name="Log To Console" library="BuiltIn">
<arg>Image Name</arg>
<arg>${screenshot}</arg>
<doc>Logs the given message to the console.</doc>
<status status="PASS" starttime="20211020 19:07:56.058" endtime="20211020 19:07:56.059"/>
</kw>
<kw name="Embed the robot screenshot to the receipt PDF file">
<arg>${screenshot}</arg>
<arg>${pdf}</arg>
<kw name="Log To Console" library="BuiltIn">
<arg>Printing Embedding image FUNC ${IMG_FILE} in pdf file ${PDF_FILE}</arg>
<doc>Logs the given message to the console.</doc>
<status status="PASS" starttime="20211020 19:07:56.059" endtime="20211020 19:07:56.060"/>
</kw>
<kw name="Open Pdf" library="RPA.PDF">
<arg>${PDF_FILE}</arg>
<doc>Open a PDF document for reading.</doc>
<status status="PASS" starttime="20211020 19:07:56.060" endtime="20211020 19:07:56.061"/>
</kw>
<kw name="Create List" library="BuiltIn">
<var>${myfiles}</var>
<arg>${IMG_FILE}:x=0,y=0</arg>
<doc>Returns a list containing given items.</doc>
<msg timestamp="20211020 19:07:56.061" level="INFO">${myfiles} = ['C:\\ProgramData\\Temp\\rcfee5d3\\AppData\\Local\\Temp\\30_18088_764360700_1\\workarea61704c94\\image\\2.png:x=0,y=0']</msg>
<status status="PASS" starttime="20211020 19:07:56.061" endtime="20211020 19:07:56.061"/>
</kw>
<kw name="Add Files To Pdf" library="RPA.PDF">
<arg>${myfiles}</arg>
<arg>${PDF_FILE}</arg>
<arg>${True}</arg>
<doc>Add images and/or pdfs to new PDF document</doc>
<msg timestamp="20211020 19:07:56.062" level="INFO">Adding page: 0</msg>
<msg timestamp="20211020 19:07:56.063" level="INFO">File C:\ProgramData\Temp\rcfee5d3\AppData\Local\Temp\30_18088_764360700_1\workarea61704c94\image\2.png type: png</msg>
<msg timestamp="20211020 19:07:56.063" level="INFO">Image parameters: {'x': '0', 'y': '0'}</msg>
<status status="PASS" starttime="20211020 19:07:56.061" endtime="20211020 19:07:56.086"/>
</kw>
<kw name="Close Pdf" library="RPA.PDF">
<arg>${PDF_FILE}</arg>
<doc>Close PDF file descriptor for certain file.</doc>
<msg timestamp="20211020 19:07:56.087" level="INFO">Closing PDF document: C:\ProgramData\Temp\rcfee5d3\AppData\Local\Temp\30_18088_764360700_1\workarea61704c94\pdf\2.pdf</msg>
<status status="PASS" starttime="20211020 19:07:56.087" endtime="20211020 19:07:56.088"/>
</kw>
<status status="PASS" starttime="20211020 19:07:56.059" endtime="20211020 19:07:56.088"/>
</kw>
<kw name="Submit another order">
<kw name="Set Local Variable" library="BuiltIn">
<arg>${btn_order_another_robot}</arg>
<arg>//*[@id="order-another"]</arg>
<doc>Makes a variable available everywhere within the local scope.</doc>
<msg timestamp="20211020 19:07:56.090" level="INFO">${btn_order_another_robot} = //*[@id="order-another"]</msg>
<status status="PASS" starttime="20211020 19:07:56.089" endtime="20211020 19:07:56.090"/>
</kw>
<kw name="Click Button" library="RPA.Browser.Selenium">
<arg>${btn_order_another_robot}</arg>
<doc>Clicks the button identified by ``locator``.</doc>
<msg timestamp="20211020 19:07:56.090" level="INFO">Clicking button '//*[@id="order-another"]'.</msg>
<status status="PASS" starttime="20211020 19:07:56.090" endtime="20211020 19:07:56.205"/>
</kw>
<status status="PASS" starttime="20211020 19:07:56.088" endtime="20211020 19:07:56.205"/>
</kw>
<status status="PASS" starttime="20211020 19:07:55.374" endtime="20211020 19:07:56.206"/>
</iter>
<iter>
<var name="${row}">{'Order number': '3', 'Head': '6', 'Body': '2', 'Legs': '3', 'Address': 'Address 789'}</var>
<kw name="Close the annoying window">
<kw name="Wait And Click Button" library="RPA.Browser.Selenium">
<arg>XPath://*[@id="root"]/div/div[2]/div/div/div/div/div/button[1]</arg>
<doc>Click button identified by ``locator``, once it becomes visible.</doc>
<msg timestamp="20211020 19:07:56.223" level="INFO">Clicking button 'XPath://*[@id="root"]/div/div[2]/div/div/div/div/div/button[1]'.</msg>
<status status="PASS" starttime="20211020 19:07:56.207" endtime="20211020 19:07:56.268"/>
</kw>
<status status="PASS" starttime="20211020 19:07:56.206" endtime="20211020 19:07:56.269"/>
</kw>
<kw name="Fill the form">
<arg>${row}</arg>
<kw name="Set Local Variable" library="BuiltIn">
<arg>${order_no}</arg>
<arg>${myrow}[Order number]</arg>
<doc>Makes a variable available everywhere within the local scope.</doc>
<msg timestamp="20211020 19:07:56.271" level="INFO">${order_no} = 3</msg>
<status status="PASS" starttime="20211020 19:07:56.270" endtime="20211020 19:07:56.271"/>
</kw>
<kw name="Set Local Variable" library="BuiltIn">
<arg>${head}</arg>
<arg>${myrow}[Head]</arg>
<doc>Makes a variable available everywhere within the local scope.</doc>
<msg timestamp="20211020 19:07:56.272" level="INFO">${head} = 6</msg>
<status status="PASS" starttime="20211020 19:07:56.271" endtime="20211020 19:07:56.272"/>
</kw>
<kw name="Set Local Variable" library="BuiltIn">
<arg>${body}</arg>
<arg>${myrow}[Body]</arg>
<doc>Makes a variable available everywhere within the local scope.</doc>
<msg timestamp="20211020 19:07:56.274" level="INFO">${body} = 2</msg>
<status status="PASS" starttime="20211020 19:07:56.272" endtime="20211020 19:07:56.274"/>
</kw>
<kw name="Set Local Variable" library="BuiltIn">
<arg>${legs}</arg>
<arg>${myrow}[Legs]</arg>
<doc>Makes a variable available everywhere within the local scope.</doc>
<msg timestamp="20211020 19:07:56.275" level="INFO">${legs} = 3</msg>
<status status="PASS" starttime="20211020 19:07:56.274" endtime="20211020 19:07:56.275"/>
</kw>
<kw name="Set Local Variable" library="BuiltIn">
<arg>${address}</arg>
<arg>${myrow}[Address]</arg>
<doc>Makes a variable available everywhere within the local scope.</doc>
<msg timestamp="20211020 19:07:56.277" level="INFO">${address} = Address 789</msg>
<status status="PASS" starttime="20211020 19:07:56.276" endtime="20211020 19:07:56.277"/>
</kw>
<kw name="Set Local Variable" library="BuiltIn">
<arg>${input_head}</arg>
<arg>//*[@id="head"]</arg>
<doc>Makes a variable available everywhere within the local scope.</doc>
<msg timestamp="20211020 19:07:56.278" level="INFO">${input_head} = //*[@id="head"]</msg>
<status status="PASS" starttime="20211020 19:07:56.277" endtime="20211020 19:07:56.278"/>
</kw>
<kw name="Set Local Variable" library="BuiltIn">
<arg>${input_body}</arg>
<arg>body</arg>
<doc>Makes a variable available everywhere within the local scope.</doc>
<msg timestamp="20211020 19:07:56.280" level="INFO">${input_body} = body</msg>
<status status="PASS" starttime="20211020 19:07:56.279" endtime="20211020 19:07:56.281"/>
</kw>
<kw name="Set Local Variable" library="BuiltIn">
<arg>${input_legs}</arg>
<arg>xpath://html/body/div/div/div[1]/div/div[1]/form/div[3]/input</arg>
<doc>Makes a variable available everywhere within the local scope.</doc>
<msg timestamp="20211020 19:07:56.284" level="INFO">${input_legs} = xpath://html/body/div/div/div[1]/div/div[1]/form/div[3]/input</msg>
<status status="PASS" starttime="20211020 19:07:56.281" endtime="20211020 19:07:56.284"/>
</kw>
<kw name="Set Local Variable" library="BuiltIn">
<arg>${input_address}</arg>
<arg>//*[@id="address"]</arg>
<doc>Makes a variable available everywhere within the local scope.</doc>
<msg timestamp="20211020 19:07:56.286" level="INFO">${input_address} = //*[@id="address"]</msg>
<status status="PASS" starttime="20211020 19:07:56.284" endtime="20211020 19:07:56.286"/>
</kw>
<kw name="Set Local Variable" library="BuiltIn">
<arg>${btn_preview}</arg>
<arg>//*[@id="preview"]</arg>
<doc>Makes a variable available everywhere within the local scope.</doc>
<msg timestamp="20211020 19:07:56.287" level="INFO">${btn_preview} = //*[@id="preview"]</msg>
<status status="PASS" starttime="20211020 19:07:56.286" endtime="20211020 19:07:56.288"/>
</kw>
<kw name="Set Local Variable" library="BuiltIn">
<arg>${btn_order}</arg>
<arg>//*[@id="order"]</arg>
<doc>Makes a variable available everywhere within the local scope.</doc>
<msg timestamp="20211020 19:07:56.290" level="INFO">${btn_order} = //*[@id="order"]</msg>
<status status="PASS" starttime="20211020 19:07:56.288" endtime="20211020 19:07:56.290"/>
</kw>
<kw name="Set Local Variable" library="BuiltIn">
<arg>${img_preview}</arg>
<arg>//*[@id="robot-preview-image"]</arg>
<doc>Makes a variable available everywhere within the local scope.</doc>
<msg timestamp="20211020 19:07:56.291" level="INFO">${img_preview} = //*[@id="robot-preview-image"]</msg>
<status status="PASS" starttime="20211020 19:07:56.290" endtime="20211020 19:07:56.291"/>
</kw>
<kw name="Wait Until Element Is Visible" library="RPA.Browser.Selenium">
<arg>${input_head}</arg>
<doc>Waits until the element ``locator`` is visible.</doc>
<status status="PASS" starttime="20211020 19:07:56.291" endtime="20211020 19:07:56.306"/>
</kw>
<kw name="Wait Until Element Is Enabled" library="RPA.Browser.Selenium">
<arg>${input_head}</arg>
<doc>Waits until the element ``locator`` is enabled.</doc>
<status status="PASS" starttime="20211020 19:07:56.306" endtime="20211020 19:07:56.323"/>
</kw>
<kw name="Select From List By Value" library="RPA.Browser.Selenium">
<arg>${input_head}</arg>
<arg>${head}</arg>
<doc>Selects options from selection list ``locator`` by ``values``.</doc>
<msg timestamp="20211020 19:07:56.323" level="INFO">Selecting options from selection list '//*[@id="head"]' by value 6.</msg>
<status status="PASS" starttime="20211020 19:07:56.323" endtime="20211020 19:07:56.372"/>
</kw>
<kw name="Wait Until Element Is Enabled" library="RPA.Browser.Selenium">
<arg>${input_body}</arg>
<doc>Waits until the element ``locator`` is enabled.</doc>
<status status="PASS" starttime="20211020 19:07:56.372" endtime="20211020 19:07:56.390"/>
</kw>
<kw name="Select Radio Button" library="RPA.Browser.Selenium">
<arg>${input_body}</arg>
<arg>${body}</arg>
<doc>Sets the radio button group ``group_name`` to ``value``.</doc>
<msg timestamp="20211020 19:07:56.391" level="INFO">Selecting '2' from radio button 'body'.</msg>
<status status="PASS" starttime="20211020 19:07:56.390" endtime="20211020 19:07:56.435"/>
</kw>
<kw name="Wait Until Element Is Enabled" library="RPA.Browser.Selenium">
<arg>${input_legs}</arg>
<doc>Waits until the element ``locator`` is enabled.</doc>
<status status="PASS" starttime="20211020 19:07:56.435" endtime="20211020 19:07:56.453"/>
</kw>
<kw name="Input Text" library="RPA.Browser.Selenium">
<arg>${input_legs}</arg>
<arg>${legs}</arg>
<doc>Types the given ``text`` into the text field identified by ``locator``.</doc>
<msg timestamp="20211020 19:07:56.454" level="INFO">Typing text '3' into text field 'xpath://html/body/div/div/div[1]/div/div[1]/form/div[3]/input'.</msg>
<status status="PASS" starttime="20211020 19:07:56.453" endtime="20211020 19:07:56.513"/>
</kw>
<kw name="Wait Until Element Is Enabled" library="RPA.Browser.Selenium">
<arg>${input_address}</arg>
<doc>Waits until the element ``locator`` is enabled.</doc>
<status status="PASS" starttime="20211020 19:07:56.513" endtime="20211020 19:07:56.532"/>
</kw>
<kw name="Input Text" library="RPA.Browser.Selenium">
<arg>${input_address}</arg>
<arg>${address}</arg>
<doc>Types the given ``text`` into the text field identified by ``locator``.</doc>
<msg timestamp="20211020 19:07:56.533" level="INFO">Typing text 'Address 789' into text field '//*[@id="address"]'.</msg>
<status status="PASS" starttime="20211020 19:07:56.533" endtime="20211020 19:07:56.597"/>
</kw>
<status status="PASS" starttime="20211020 19:07:56.269" endtime="20211020 19:07:56.597"/>
</kw>
<kw name="Preview the robot">
<kw name="Set Local Variable" library="BuiltIn">
<arg>${btn_preview}</arg>
<arg>//*[@id="preview"]</arg>
<doc>Makes a variable available everywhere within the local scope.</doc>
<msg timestamp="20211020 19:07:56.600" level="INFO">${btn_preview} = //*[@id="preview"]</msg>
<status status="PASS" starttime="20211020 19:07:56.598" endtime="20211020 19:07:56.601"/>
</kw>
<kw name="Set Local Variable" library="BuiltIn">
<arg>${img_preview}</arg>
<arg>//*[@id="robot-preview-image"]</arg>
<doc>Makes a variable available everywhere within the local scope.</doc>
<msg timestamp="20211020 19:07:56.602" level="INFO">${img_preview} = //*[@id="robot-preview-image"]</msg>
<status status="PASS" starttime="20211020 19:07:56.601" endtime="20211020 19:07:56.602"/>
</kw>
<kw name="Click Button" library="RPA.Browser.Selenium">
<arg>${btn_preview}</arg>
<doc>Clicks the button identified by ``locator``.</doc>
<msg timestamp="20211020 19:07:56.602" level="INFO">Clicking button '//*[@id="preview"]'.</msg>
<status status="PASS" starttime="20211020 19:07:56.602" endtime="20211020 19:07:56.647"/>
</kw>
<kw name="Wait Until Element Is Visible" library="RPA.Browser.Selenium">
<arg>${img_preview}</arg>
<doc>Waits until the element ``locator`` is visible.</doc>
<status status="PASS" starttime="20211020 19:07:56.648" endtime="20211020 19:07:56.668"/>
</kw>
<status status="PASS" starttime="20211020 19:07:56.598" endtime="20211020 19:07:56.669"/>
</kw>
<kw name="Wait Until Keyword Succeeds" library="BuiltIn">
<arg>10x</arg>
<arg>2s</arg>
<arg>Submit the order</arg>
<doc>Runs the specified keyword and retries if it fails.</doc>
<kw name="Submit the order">
<kw name="Set Local Variable" library="BuiltIn">
<arg>${btn_order}</arg>
<arg>//*[@id="order"]</arg>
<doc>Makes a variable available everywhere within the local scope.</doc>
<msg timestamp="20211020 19:07:56.672" level="INFO">${btn_order} = //*[@id="order"]</msg>
<status status="PASS" starttime="20211020 19:07:56.670" endtime="20211020 19:07:56.672"/>
</kw>
<kw name="Set Local Variable" library="BuiltIn">
<arg>${lbl_receipt}</arg>
<arg>//*[@id="receipt"]</arg>
<doc>Makes a variable available everywhere within the local scope.</doc>
<msg timestamp="20211020 19:07:56.673" level="INFO">${lbl_receipt} = //*[@id="receipt"]</msg>
<status status="PASS" starttime="20211020 19:07:56.672" endtime="20211020 19:07:56.673"/>
</kw>
<kw name="Click Button" library="RPA.Browser.Selenium">
<arg>${btn_order}</arg>
<doc>Clicks the button identified by ``locator``.</doc>
<msg timestamp="20211020 19:07:56.674" level="INFO">Clicking button '//*[@id="order"]'.</msg>
<status status="PASS" starttime="20211020 19:07:56.673" endtime="20211020 19:07:56.719"/>
</kw>
<kw name="Page Should Contain Element" library="RPA.Browser.Selenium">
<arg>${lbl_receipt}</arg>
<doc>Verifies that element ``locator`` is found on the current page.</doc>
<msg timestamp="20211020 19:07:56.726" level="INFO">Current page contains element '//*[@id="receipt"]'.</msg>
<status status="PASS" starttime="20211020 19:07:56.720" endtime="20211020 19:07:56.726"/>
</kw>
<status status="PASS" starttime="20211020 19:07:56.670" endtime="20211020 19:07:56.726"/>
</kw>
<status status="PASS" starttime="20211020 19:07:56.670" endtime="20211020 19:07:56.726"/>
</kw>
<kw name="Store the receipt as a PDF file">
<var>${pdf}</var>
<arg>${row}[Order number]</arg>
<kw name="Wait Until Element Is Visible" library="RPA.Browser.Selenium">
<arg>//*[@id="receipt"]</arg>
<doc>Waits until the element ``locator`` is visible.</doc>
<status status="PASS" starttime="20211020 19:07:56.727" endtime="20211020 19:07:56.740"/>
</kw>
<kw name="Log To Console" library="BuiltIn">
<arg>Printing ${ORDER_NUMBER}</arg>
<doc>Logs the given message to the console.</doc>
<status status="PASS" starttime="20211020 19:07:56.740" endtime="20211020 19:07:56.741"/>
</kw>
<kw name="Get Element Attribute" library="RPA.Browser.Selenium">
<var>${order_receipt_html}</var>
<arg>//*[@id="receipt"]</arg>
<arg>outerHTML</arg>
<doc>Returns the value of ``attribute`` from the element ``locator``.</doc>
<msg timestamp="20211020 19:07:56.751" level="INFO">${order_receipt_html} = &lt;div id="receipt" class="alert alert-success" role="alert"&gt;&lt;h3&gt;Receipt&lt;/h3&gt;&lt;div&gt;2021-10-20T17:07:56.715Z&lt;/div&gt;&lt;p class="badge badge-success"&gt;RSB-ROBO-ORDER-I9IVS5HX&lt;/p&gt;&lt;p&gt;Address 789&lt;/p&gt;&lt;div id="parts...</msg>
<status status="PASS" starttime="20211020 19:07:56.741" endtime="20211020 19:07:56.751"/>
</kw>
<kw name="Set Local Variable" library="BuiltIn">
<arg>${full_img_filename}</arg>
<arg>${pdf_folder}${/}${ORDER_NUMBER}.pdf</arg>
<doc>Makes a variable available everywhere within the local scope.</doc>
<msg timestamp="20211020 19:07:56.753" level="INFO">${full_img_filename} = C:\ProgramData\Temp\rcfee5d3\AppData\Local\Temp\30_18088_764360700_1\workarea61704c94\pdf\3.pdf</msg>
<status status="PASS" starttime="20211020 19:07:56.752" endtime="20211020 19:07:56.753"/>
</kw>
<kw name="Html To Pdf" library="RPA.PDF">
<arg>content=${order_receipt_html}</arg>
<arg>output_path=${full_img_filename}</arg>
<doc>Generate a PDF file from HTML content.</doc>
<msg timestamp="20211020 19:07:56.755" level="INFO">Writing output to file C:\Users\stefa\AppData\Local\Temp\30_18088_764360700_1\workarea61704c94\pdf\3.pdf</msg>
<status status="PASS" starttime="20211020 19:07:56.753" endtime="20211020 19:07:56.757"/>
</kw>
<msg timestamp="20211020 19:07:56.757" level="INFO">${pdf} = C:\ProgramData\Temp\rcfee5d3\AppData\Local\Temp\30_18088_764360700_1\workarea61704c94\pdf\3.pdf</msg>
<status status="PASS" starttime="20211020 19:07:56.726" endtime="20211020 19:07:56.757"/>
</kw>
<kw name="Take a screenshot of the robot">
<var>${orderid}</var>
<var>${screenshot}</var>
<arg>${row}[Order number]</arg>
<kw name="Set Local Variable" library="BuiltIn">
<arg>${lbl_orderid}</arg>
<arg>xpath://html/body/div/div/div[1]/div/div[1]/div/div/p[1]</arg>
<doc>Makes a variable available everywhere within the local scope.</doc>
<msg timestamp="20211020 19:07:56.759" level="INFO">${lbl_orderid} = xpath://html/body/div/div/div[1]/div/div[1]/div/div/p[1]</msg>
<status status="PASS" starttime="20211020 19:07:56.758" endtime="20211020 19:07:56.759"/>
</kw>
<kw name="Set Local Variable" library="BuiltIn">
<arg>${img_robot}</arg>
<arg>//*[@id="robot-preview-image"]</arg>
<doc>Makes a variable available everywhere within the local scope.</doc>
<msg timestamp="20211020 19:07:56.761" level="INFO">${img_robot} = //*[@id="robot-preview-image"]</msg>
<status status="PASS" starttime="20211020 19:07:56.759" endtime="20211020 19:07:56.761"/>
</kw>
<kw name="Set Local Variable" library="BuiltIn">
<arg>${full_img_filename}</arg>
<arg>${img_folder}${/}${orderid}.png</arg>
<doc>Makes a variable available everywhere within the local scope.</doc>
<msg timestamp="20211020 19:07:56.764" level="INFO">${full_img_filename} = C:\ProgramData\Temp\rcfee5d3\AppData\Local\Temp\30_18088_764360700_1\workarea61704c94\image\3.png</msg>
<status status="PASS" starttime="20211020 19:07:56.761" endtime="20211020 19:07:56.764"/>
</kw>
<kw name="Wait Until Element Is Visible" library="RPA.Browser.Selenium">
<arg>${img_robot}</arg>
<doc>Waits until the element ``locator`` is visible.</doc>
<status status="PASS" starttime="20211020 19:07:56.764" endtime="20211020 19:07:56.776"/>
</kw>
<kw name="Wait Until Element Is Visible" library="RPA.Browser.Selenium">
<arg>${lbl_orderid}</arg>
<doc>Waits until the element ``locator`` is visible.</doc>
<status status="PASS" starttime="20211020 19:07:56.777" endtime="20211020 19:07:56.791"/>
</kw>
<kw name="Log To Console" library="BuiltIn">
<arg>Capturing Screenshot to ${full_img_filename}</arg>
<doc>Logs the given message to the console.</doc>
<status status="PASS" starttime="20211020 19:07:56.791" endtime="20211020 19:07:56.792"/>
</kw>
<kw name="Capture Element Screenshot" library="RPA.Browser.Selenium">
<arg>${img_robot}</arg>
<arg>${full_img_filename}</arg>
<doc>Captures a screenshot from the element identified by ``locator`` and embeds it into log file.</doc>
<msg timestamp="20211020 19:07:56.934" level="INFO" html="true">&lt;/td&gt;&lt;/tr&gt;&lt;tr&gt;&lt;td colspan="3"&gt;&lt;a href="../image/3.png"&gt;&lt;img src="../image/3.png" width="400px"&gt;&lt;/a&gt;</msg>
<status status="PASS" starttime="20211020 19:07:56.792" endtime="20211020 19:07:56.934"/>
</kw>
<msg timestamp="20211020 19:07:56.934" level="INFO">${orderid} = 3</msg>
<msg timestamp="20211020 19:07:56.934" level="INFO">${screenshot} = C:\ProgramData\Temp\rcfee5d3\AppData\Local\Temp\30_18088_764360700_1\workarea61704c94\image\3.png</msg>
<status status="PASS" starttime="20211020 19:07:56.757" endtime="20211020 19:07:56.934"/>
</kw>
<kw name="Log To Console" library="BuiltIn">
<arg>PDF Name</arg>
<arg>${pdf}</arg>
<doc>Logs the given message to the console.</doc>
<status status="PASS" starttime="20211020 19:07:56.935" endtime="20211020 19:07:56.936"/>
</kw>
<kw name="Log To Console" library="BuiltIn">
<arg>Image Name</arg>
<arg>${screenshot}</arg>
<doc>Logs the given message to the console.</doc>
<status status="PASS" starttime="20211020 19:07:56.936" endtime="20211020 19:07:56.936"/>
</kw>
<kw name="Embed the robot screenshot to the receipt PDF file">
<arg>${screenshot}</arg>
<arg>${pdf}</arg>
<kw name="Log To Console" library="BuiltIn">
<arg>Printing Embedding image FUNC ${IMG_FILE} in pdf file ${PDF_FILE}</arg>
<doc>Logs the given message to the console.</doc>
<status status="PASS" starttime="20211020 19:07:56.937" endtime="20211020 19:07:56.938"/>
</kw>
<kw name="Open Pdf" library="RPA.PDF">
<arg>${PDF_FILE}</arg>
<doc>Open a PDF document for reading.</doc>
<status status="PASS" starttime="20211020 19:07:56.938" endtime="20211020 19:07:56.938"/>
</kw>
<kw name="Create List" library="BuiltIn">
<var>${myfiles}</var>
<arg>${IMG_FILE}:x=0,y=0</arg>
<doc>Returns a list containing given items.</doc>
<msg timestamp="20211020 19:07:56.939" level="INFO">${myfiles} = ['C:\\ProgramData\\Temp\\rcfee5d3\\AppData\\Local\\Temp\\30_18088_764360700_1\\workarea61704c94\\image\\3.png:x=0,y=0']</msg>
<status status="PASS" starttime="20211020 19:07:56.938" endtime="20211020 19:07:56.939"/>
</kw>
<kw name="Add Files To Pdf" library="RPA.PDF">
<arg>${myfiles}</arg>
<arg>${PDF_FILE}</arg>
<arg>${True}</arg>
<doc>Add images and/or pdfs to new PDF document</doc>
<msg timestamp="20211020 19:07:56.941" level="INFO">Adding page: 0</msg>
<msg timestamp="20211020 19:07:56.942" level="INFO">File C:\ProgramData\Temp\rcfee5d3\AppData\Local\Temp\30_18088_764360700_1\workarea61704c94\image\3.png type: png</msg>
<msg timestamp="20211020 19:07:56.942" level="INFO">Image parameters: {'x': '0', 'y': '0'}</msg>
<status status="PASS" starttime="20211020 19:07:56.939" endtime="20211020 19:07:56.972"/>
</kw>
<kw name="Close Pdf" library="RPA.PDF">
<arg>${PDF_FILE}</arg>
<doc>Close PDF file descriptor for certain file.</doc>
<msg timestamp="20211020 19:07:56.973" level="INFO">Closing PDF document: C:\ProgramData\Temp\rcfee5d3\AppData\Local\Temp\30_18088_764360700_1\workarea61704c94\pdf\3.pdf</msg>
<status status="PASS" starttime="20211020 19:07:56.973" endtime="20211020 19:07:56.974"/>
</kw>
<status status="PASS" starttime="20211020 19:07:56.936" endtime="20211020 19:07:56.974"/>
</kw>
<kw name="Submit another order">
<kw name="Set Local Variable" library="BuiltIn">
<arg>${btn_order_another_robot}</arg>
<arg>//*[@id="order-another"]</arg>
<doc>Makes a variable available everywhere within the local scope.</doc>
<msg timestamp="20211020 19:07:56.976" level="INFO">${btn_order_another_robot} = //*[@id="order-another"]</msg>
<status status="PASS" starttime="20211020 19:07:56.975" endtime="20211020 19:07:56.976"/>
</kw>
<kw name="Click Button" library="RPA.Browser.Selenium">
<arg>${btn_order_another_robot}</arg>
<doc>Clicks the button identified by ``locator``.</doc>
<msg timestamp="20211020 19:07:56.976" level="INFO">Clicking button '//*[@id="order-another"]'.</msg>
<status status="PASS" starttime="20211020 19:07:56.976" endtime="20211020 19:07:57.093"/>
</kw>
<status status="PASS" starttime="20211020 19:07:56.974" endtime="20211020 19:07:57.093"/>
</kw>
<status status="PASS" starttime="20211020 19:07:56.206" endtime="20211020 19:07:57.094"/>
</iter>
<iter>
<var name="${row}">{'Order number': '4', 'Head': '2', 'Body': '3', 'Legs': '2', 'Address': 'Address 1'}</var>
<kw name="Close the annoying window">
<kw name="Wait And Click Button" library="RPA.Browser.Selenium">
<arg>XPath://*[@id="root"]/div/div[2]/div/div/div/div/div/button[1]</arg>
<doc>Click button identified by ``locator``, once it becomes visible.</doc>
<msg timestamp="20211020 19:07:57.109" level="INFO">Clicking button 'XPath://*[@id="root"]/div/div[2]/div/div/div/div/div/button[1]'.</msg>
<status status="PASS" starttime="20211020 19:07:57.095" endtime="20211020 19:07:57.151"/>
</kw>
<status status="PASS" starttime="20211020 19:07:57.094" endtime="20211020 19:07:57.151"/>
</kw>
<kw name="Fill the form">
<arg>${row}</arg>
<kw name="Set Local Variable" library="BuiltIn">
<arg>${order_no}</arg>
<arg>${myrow}[Order number]</arg>
<doc>Makes a variable available everywhere within the local scope.</doc>
<msg timestamp="20211020 19:07:57.153" level="INFO">${order_no} = 4</msg>
<status status="PASS" starttime="20211020 19:07:57.152" endtime="20211020 19:07:57.153"/>
</kw>
<kw name="Set Local Variable" library="BuiltIn">
<arg>${head}</arg>
<arg>${myrow}[Head]</arg>
<doc>Makes a variable available everywhere within the local scope.</doc>
<msg timestamp="20211020 19:07:57.155" level="INFO">${head} = 2</msg>
<status status="PASS" starttime="20211020 19:07:57.154" endtime="20211020 19:07:57.155"/>
</kw>
<kw name="Set Local Variable" library="BuiltIn">
<arg>${body}</arg>
<arg>${myrow}[Body]</arg>
<doc>Makes a variable available everywhere within the local scope.</doc>
<msg timestamp="20211020 19:07:57.156" level="INFO">${body} = 3</msg>
<status status="PASS" starttime="20211020 19:07:57.155" endtime="20211020 19:07:57.156"/>
</kw>
<kw name="Set Local Variable" library="BuiltIn">
<arg>${legs}</arg>
<arg>${myrow}[Legs]</arg>
<doc>Makes a variable available everywhere within the local scope.</doc>
<msg timestamp="20211020 19:07:57.157" level="INFO">${legs} = 2</msg>
<status status="PASS" starttime="20211020 19:07:57.156" endtime="20211020 19:07:57.157"/>
</kw>
<kw name="Set Local Variable" library="BuiltIn">
<arg>${address}</arg>
<arg>${myrow}[Address]</arg>
<doc>Makes a variable available everywhere within the local scope.</doc>
<msg timestamp="20211020 19:07:57.159" level="INFO">${address} = Address 1</msg>
<status status="PASS" starttime="20211020 19:07:57.157" endtime="20211020 19:07:57.159"/>
</kw>
<kw name="Set Local Variable" library="BuiltIn">
<arg>${input_head}</arg>
<arg>//*[@id="head"]</arg>
<doc>Makes a variable available everywhere within the local scope.</doc>
<msg timestamp="20211020 19:07:57.160" level="INFO">${input_head} = //*[@id="head"]</msg>
<status status="PASS" starttime="20211020 19:07:57.159" endtime="20211020 19:07:57.160"/>
</kw>
<kw name="Set Local Variable" library="BuiltIn">
<arg>${input_body}</arg>
<arg>body</arg>
<doc>Makes a variable available everywhere within the local scope.</doc>
<msg timestamp="20211020 19:07:57.161" level="INFO">${input_body} = body</msg>
<status status="PASS" starttime="20211020 19:07:57.160" endtime="20211020 19:07:57.161"/>
</kw>
<kw name="Set Local Variable" library="BuiltIn">
<arg>${input_legs}</arg>
<arg>xpath://html/body/div/div/div[1]/div/div[1]/form/div[3]/input</arg>
<doc>Makes a variable available everywhere within the local scope.</doc>
<msg timestamp="20211020 19:07:57.163" level="INFO">${input_legs} = xpath://html/body/div/div/div[1]/div/div[1]/form/div[3]/input</msg>
<status status="PASS" starttime="20211020 19:07:57.161" endtime="20211020 19:07:57.163"/>
</kw>
<kw name="Set Local Variable" library="BuiltIn">
<arg>${input_address}</arg>
<arg>//*[@id="address"]</arg>
<doc>Makes a variable available everywhere within the local scope.</doc>
<msg timestamp="20211020 19:07:57.165" level="INFO">${input_address} = //*[@id="address"]</msg>
<status status="PASS" starttime="20211020 19:07:57.163" endtime="20211020 19:07:57.165"/>
</kw>
<kw name="Set Local Variable" library="BuiltIn">
<arg>${btn_preview}</arg>
<arg>//*[@id="preview"]</arg>
<doc>Makes a variable available everywhere within the local scope.</doc>
<msg timestamp="20211020 19:07:57.167" level="INFO">${btn_preview} = //*[@id="preview"]</msg>
<status status="PASS" starttime="20211020 19:07:57.166" endtime="20211020 19:07:57.167"/>
</kw>
<kw name="Set Local Variable" library="BuiltIn">
<arg>${btn_order}</arg>
<arg>//*[@id="order"]</arg>
<doc>Makes a variable available everywhere within the local scope.</doc>
<msg timestamp="20211020 19:07:57.168" level="INFO">${btn_order} = //*[@id="order"]</msg>
<status status="PASS" starttime="20211020 19:07:57.167" endtime="20211020 19:07:57.169"/>
</kw>
<kw name="Set Local Variable" library="BuiltIn">
<arg>${img_preview}</arg>
<arg>//*[@id="robot-preview-image"]</arg>
<doc>Makes a variable available everywhere within the local scope.</doc>
<msg timestamp="20211020 19:07:57.170" level="INFO">${img_preview} = //*[@id="robot-preview-image"]</msg>
<status status="PASS" starttime="20211020 19:07:57.169" endtime="20211020 19:07:57.170"/>
</kw>
<kw name="Wait Until Element Is Visible" library="RPA.Browser.Selenium">
<arg>${input_head}</arg>
<doc>Waits until the element ``locator`` is visible.</doc>
<status status="PASS" starttime="20211020 19:07:57.170" endtime="20211020 19:07:57.184"/>
</kw>
<kw name="Wait Until Element Is Enabled" library="RPA.Browser.Selenium">
<arg>${input_head}</arg>
<doc>Waits until the element ``locator`` is enabled.</doc>
<status status="PASS" starttime="20211020 19:07:57.184" endtime="20211020 19:07:57.200"/>
</kw>
<kw name="Select From List By Value" library="RPA.Browser.Selenium">
<arg>${input_head}</arg>
<arg>${head}</arg>
<doc>Selects options from selection list ``locator`` by ``values``.</doc>
<msg timestamp="20211020 19:07:57.201" level="INFO">Selecting options from selection list '//*[@id="head"]' by value 2.</msg>
<status status="PASS" starttime="20211020 19:07:57.200" endtime="20211020 19:07:57.245"/>
</kw>
<kw name="Wait Until Element Is Enabled" library="RPA.Browser.Selenium">
<arg>${input_body}</arg>
<doc>Waits until the element ``locator`` is enabled.</doc>
<status status="PASS" starttime="20211020 19:07:57.246" endtime="20211020 19:07:57.261"/>
</kw>
<kw name="Select Radio Button" library="RPA.Browser.Selenium">
<arg>${input_body}</arg>
<arg>${body}</arg>
<doc>Sets the radio button group ``group_name`` to ``value``.</doc>
<msg timestamp="20211020 19:07:57.262" level="INFO">Selecting '3' from radio button 'body'.</msg>
<status status="PASS" starttime="20211020 19:07:57.261" endtime="20211020 19:07:57.303"/>
</kw>
<kw name="Wait Until Element Is Enabled" library="RPA.Browser.Selenium">
<arg>${input_legs}</arg>
<doc>Waits until the element ``locator`` is enabled.</doc>
<status status="PASS" starttime="20211020 19:07:57.304" endtime="20211020 19:07:57.320"/>
</kw>
<kw name="Input Text" library="RPA.Browser.Selenium">
<arg>${input_legs}</arg>
<arg>${legs}</arg>
<doc>Types the given ``text`` into the text field identified by ``locator``.</doc>
<msg timestamp="20211020 19:07:57.320" level="INFO">Typing text '2' into text field 'xpath://html/body/div/div/div[1]/div/div[1]/form/div[3]/input'.</msg>
<status status="PASS" starttime="20211020 19:07:57.320" endtime="20211020 19:07:57.376"/>
</kw>
<kw name="Wait Until Element Is Enabled" library="RPA.Browser.Selenium">
<arg>${input_address}</arg>
<doc>Waits until the element ``locator`` is enabled.</doc>
<status status="PASS" starttime="20211020 19:07:57.377" endtime="20211020 19:07:57.394"/>
</kw>
<kw name="Input Text" library="RPA.Browser.Selenium">
<arg>${input_address}</arg>
<arg>${address}</arg>
<doc>Types the given ``text`` into the text field identified by ``locator``.</doc>
<msg timestamp="20211020 19:07:57.395" level="INFO">Typing text 'Address 1' into text field '//*[@id="address"]'.</msg>
<status status="PASS" starttime="20211020 19:07:57.395" endtime="20211020 19:07:57.455"/>
</kw>
<status status="PASS" starttime="20211020 19:07:57.151" endtime="20211020 19:07:57.455"/>
</kw>
<kw name="Preview the robot">
<kw name="Set Local Variable" library="BuiltIn">
<arg>${btn_preview}</arg>
<arg>//*[@id="preview"]</arg>
<doc>Makes a variable available everywhere within the local scope.</doc>
<msg timestamp="20211020 19:07:57.457" level="INFO">${btn_preview} = //*[@id="preview"]</msg>
<status status="PASS" starttime="20211020 19:07:57.456" endtime="20211020 19:07:57.457"/>
</kw>
<kw name="Set Local Variable" library="BuiltIn">
<arg>${img_preview}</arg>
<arg>//*[@id="robot-preview-image"]</arg>
<doc>Makes a variable available everywhere within the local scope.</doc>
<msg timestamp="20211020 19:07:57.458" level="INFO">${img_preview} = //*[@id="robot-preview-image"]</msg>
<status status="PASS" starttime="20211020 19:07:57.457" endtime="20211020 19:07:57.458"/>
</kw>
<kw name="Click Button" library="RPA.Browser.Selenium">
<arg>${btn_preview}</arg>
<doc>Clicks the button identified by ``locator``.</doc>
<msg timestamp="20211020 19:07:57.459" level="INFO">Clicking button '//*[@id="preview"]'.</msg>
<status status="PASS" starttime="20211020 19:07:57.458" endtime="20211020 19:07:57.505"/>
</kw>
<kw name="Wait Until Element Is Visible" library="RPA.Browser.Selenium">
<arg>${img_preview}</arg>
<doc>Waits until the element ``locator`` is visible.</doc>
<status status="PASS" starttime="20211020 19:07:57.506" endtime="20211020 19:07:57.518"/>
</kw>
<status status="PASS" starttime="20211020 19:07:57.455" endtime="20211020 19:07:57.519"/>
</kw>
<kw name="Wait Until Keyword Succeeds" library="BuiltIn">
<arg>10x</arg>
<arg>2s</arg>
<arg>Submit the order</arg>
<doc>Runs the specified keyword and retries if it fails.</doc>
<kw name="Submit the order">
<kw name="Set Local Variable" library="BuiltIn">
<arg>${btn_order}</arg>
<arg>//*[@id="order"]</arg>
<doc>Makes a variable available everywhere within the local scope.</doc>
<msg timestamp="20211020 19:07:57.521" level="INFO">${btn_order} = //*[@id="order"]</msg>
<status status="PASS" starttime="20211020 19:07:57.520" endtime="20211020 19:07:57.521"/>
</kw>
<kw name="Set Local Variable" library="BuiltIn">
<arg>${lbl_receipt}</arg>
<arg>//*[@id="receipt"]</arg>
<doc>Makes a variable available everywhere within the local scope.</doc>
<msg timestamp="20211020 19:07:57.522" level="INFO">${lbl_receipt} = //*[@id="receipt"]</msg>
<status status="PASS" starttime="20211020 19:07:57.521" endtime="20211020 19:07:57.522"/>
</kw>
[...]
<arg>${body}</arg>
<doc>Sets the radio button group ``group_name`` to ``value``.</doc>
<msg timestamp="20211020 19:08:14.679" level="INFO">Selecting '1' from radio button 'body'.</msg>
<status status="PASS" starttime="20211020 19:08:14.679" endtime="20211020 19:08:14.722"/>
</kw>
<kw name="Wait Until Element Is Enabled" library="RPA.Browser.Selenium">
<arg>${input_legs}</arg>
<doc>Waits until the element ``locator`` is enabled.</doc>
<status status="PASS" starttime="20211020 19:08:14.723" endtime="20211020 19:08:14.739"/>
</kw>
<kw name="Input Text" library="RPA.Browser.Selenium">
<arg>${input_legs}</arg>
<arg>${legs}</arg>
<doc>Types the given ``text`` into the text field identified by ``locator``.</doc>
<msg timestamp="20211020 19:08:14.740" level="INFO">Typing text '5' into text field 'xpath://html/body/div/div/div[1]/div/div[1]/form/div[3]/input'.</msg>
<status status="PASS" starttime="20211020 19:08:14.739" endtime="20211020 19:08:14.792"/>
</kw>
<kw name="Wait Until Element Is Enabled" library="RPA.Browser.Selenium">
<arg>${input_address}</arg>
<doc>Waits until the element ``locator`` is enabled.</doc>
<status status="PASS" starttime="20211020 19:08:14.793" endtime="20211020 19:08:14.809"/>
</kw>
<kw name="Input Text" library="RPA.Browser.Selenium">
<arg>${input_address}</arg>
<arg>${address}</arg>
<doc>Types the given ``text`` into the text field identified by ``locator``.</doc>
<msg timestamp="20211020 19:08:14.810" level="INFO">Typing text 'Address H' into text field '//*[@id="address"]'.</msg>
<status status="PASS" starttime="20211020 19:08:14.809" endtime="20211020 19:08:14.864"/>
</kw>
<status status="PASS" starttime="20211020 19:08:14.563" endtime="20211020 19:08:14.865"/>
</kw>
<kw name="Preview the robot">
<kw name="Set Local Variable" library="BuiltIn">
<arg>${btn_preview}</arg>
<arg>//*[@id="preview"]</arg>
<doc>Makes a variable available everywhere within the local scope.</doc>
<msg timestamp="20211020 19:08:14.867" level="INFO">${btn_preview} = //*[@id="preview"]</msg>
<status status="PASS" starttime="20211020 19:08:14.865" endtime="20211020 19:08:14.867"/>
</kw>
<kw name="Set Local Variable" library="BuiltIn">
<arg>${img_preview}</arg>
<arg>//*[@id="robot-preview-image"]</arg>
<doc>Makes a variable available everywhere within the local scope.</doc>
<msg timestamp="20211020 19:08:14.868" level="INFO">${img_preview} = //*[@id="robot-preview-image"]</msg>
<status status="PASS" starttime="20211020 19:08:14.867" endtime="20211020 19:08:14.868"/>
</kw>
<kw name="Click Button" library="RPA.Browser.Selenium">
<arg>${btn_preview}</arg>
<doc>Clicks the button identified by ``locator``.</doc>
<msg timestamp="20211020 19:08:14.869" level="INFO">Clicking button '//*[@id="preview"]'.</msg>
<status status="PASS" starttime="20211020 19:08:14.868" endtime="20211020 19:08:14.910"/>
</kw>
<kw name="Wait Until Element Is Visible" library="RPA.Browser.Selenium">
<arg>${img_preview}</arg>
<doc>Waits until the element ``locator`` is visible.</doc>
<status status="PASS" starttime="20211020 19:08:14.910" endtime="20211020 19:08:14.924"/>
</kw>
<status status="PASS" starttime="20211020 19:08:14.865" endtime="20211020 19:08:14.925"/>
</kw>
<kw name="Wait Until Keyword Succeeds" library="BuiltIn">
<arg>10x</arg>
<arg>2s</arg>
<arg>Submit the order</arg>
<doc>Runs the specified keyword and retries if it fails.</doc>
<kw name="Submit the order">
<kw name="Set Local Variable" library="BuiltIn">
<arg>${btn_order}</arg>
<arg>//*[@id="order"]</arg>
<doc>Makes a variable available everywhere within the local scope.</doc>
<msg timestamp="20211020 19:08:14.927" level="INFO">${btn_order} = //*[@id="order"]</msg>
<status status="PASS" starttime="20211020 19:08:14.926" endtime="20211020 19:08:14.927"/>
</kw>
<kw name="Set Local Variable" library="BuiltIn">
<arg>${lbl_receipt}</arg>
<arg>//*[@id="receipt"]</arg>
<doc>Makes a variable available everywhere within the local scope.</doc>
<msg timestamp="20211020 19:08:14.928" level="INFO">${lbl_receipt} = //*[@id="receipt"]</msg>
<status status="PASS" starttime="20211020 19:08:14.927" endtime="20211020 19:08:14.928"/>
</kw>
<kw name="Click Button" library="RPA.Browser.Selenium">
<arg>${btn_order}</arg>
<doc>Clicks the button identified by ``locator``.</doc>
<msg timestamp="20211020 19:08:14.928" level="INFO">Clicking button '//*[@id="order"]'.</msg>
<status status="PASS" starttime="20211020 19:08:14.928" endtime="20211020 19:08:14.969"/>
</kw>
<kw name="Page Should Contain Element" library="RPA.Browser.Selenium">
<arg>${lbl_receipt}</arg>
<doc>Verifies that element ``locator`` is found on the current page.</doc>
<msg timestamp="20211020 19:08:14.975" level="INFO">Current page contains element '//*[@id="receipt"]'.</msg>
<status status="PASS" starttime="20211020 19:08:14.969" endtime="20211020 19:08:14.975"/>
</kw>
<status status="PASS" starttime="20211020 19:08:14.925" endtime="20211020 19:08:14.976"/>
</kw>
<status status="PASS" starttime="20211020 19:08:14.925" endtime="20211020 19:08:14.976"/>
</kw>
<kw name="Store the receipt as a PDF file">
<var>${pdf}</var>
<arg>${row}[Order number]</arg>
<kw name="Wait Until Element Is Visible" library="RPA.Browser.Selenium">
<arg>//*[@id="receipt"]</arg>
<doc>Waits until the element ``locator`` is visible.</doc>
<status status="PASS" starttime="20211020 19:08:14.977" endtime="20211020 19:08:14.990"/>
</kw>
<kw name="Log To Console" library="BuiltIn">
<arg>Printing ${ORDER_NUMBER}</arg>
<doc>Logs the given message to the console.</doc>
<status status="PASS" starttime="20211020 19:08:14.990" endtime="20211020 19:08:14.990"/>
</kw>
<kw name="Get Element Attribute" library="RPA.Browser.Selenium">
<var>${order_receipt_html}</var>
<arg>//*[@id="receipt"]</arg>
<arg>outerHTML</arg>
<doc>Returns the value of ``attribute`` from the element ``locator``.</doc>
<msg timestamp="20211020 19:08:15.000" level="INFO">${order_receipt_html} = &lt;div id="receipt" class="alert alert-success" role="alert"&gt;&lt;h3&gt;Receipt&lt;/h3&gt;&lt;div&gt;2021-10-20T17:08:14.965Z&lt;/div&gt;&lt;p class="badge badge-success"&gt;RSB-ROBO-ORDER-TCYFUR1N6J&lt;/p&gt;&lt;p&gt;Address H&lt;/p&gt;&lt;div id="parts...</msg>
<status status="PASS" starttime="20211020 19:08:14.991" endtime="20211020 19:08:15.000"/>
</kw>
<kw name="Set Local Variable" library="BuiltIn">
<arg>${full_img_filename}</arg>
<arg>${pdf_folder}${/}${ORDER_NUMBER}.pdf</arg>
<doc>Makes a variable available everywhere within the local scope.</doc>
<msg timestamp="20211020 19:08:15.002" level="INFO">${full_img_filename} = C:\ProgramData\Temp\rcfee5d3\AppData\Local\Temp\30_18088_764360700_1\workarea61704c94\pdf\20.pdf</msg>
<status status="PASS" starttime="20211020 19:08:15.000" endtime="20211020 19:08:15.002"/>
</kw>
<kw name="Html To Pdf" library="RPA.PDF">
<arg>content=${order_receipt_html}</arg>
<arg>output_path=${full_img_filename}</arg>
<doc>Generate a PDF file from HTML content.</doc>
<msg timestamp="20211020 19:08:15.003" level="INFO">Writing output to file C:\Users\stefa\AppData\Local\Temp\30_18088_764360700_1\workarea61704c94\pdf\20.pdf</msg>
<status status="PASS" starttime="20211020 19:08:15.002" endtime="20211020 19:08:15.005"/>
</kw>
<msg timestamp="20211020 19:08:15.006" level="INFO">${pdf} = C:\ProgramData\Temp\rcfee5d3\AppData\Local\Temp\30_18088_764360700_1\workarea61704c94\pdf\20.pdf</msg>
<status status="PASS" starttime="20211020 19:08:14.976" endtime="20211020 19:08:15.006"/>
</kw>
<kw name="Take a screenshot of the robot">
<var>${orderid}</var>
<var>${screenshot}</var>
<arg>${row}[Order number]</arg>
<kw name="Set Local Variable" library="BuiltIn">
<arg>${lbl_orderid}</arg>
<arg>xpath://html/body/div/div/div[1]/div/div[1]/div/div/p[1]</arg>
<doc>Makes a variable available everywhere within the local scope.</doc>
<msg timestamp="20211020 19:08:15.007" level="INFO">${lbl_orderid} = xpath://html/body/div/div/div[1]/div/div[1]/div/div/p[1]</msg>
<status status="PASS" starttime="20211020 19:08:15.006" endtime="20211020 19:08:15.008"/>
</kw>
<kw name="Set Local Variable" library="BuiltIn">
<arg>${img_robot}</arg>
<arg>//*[@id="robot-preview-image"]</arg>
<doc>Makes a variable available everywhere within the local scope.</doc>
<msg timestamp="20211020 19:08:15.009" level="INFO">${img_robot} = //*[@id="robot-preview-image"]</msg>
<status status="PASS" starttime="20211020 19:08:15.008" endtime="20211020 19:08:15.009"/>
</kw>
<kw name="Set Local Variable" library="BuiltIn">
<arg>${full_img_filename}</arg>
<arg>${img_folder}${/}${orderid}.png</arg>
<doc>Makes a variable available everywhere within the local scope.</doc>
<msg timestamp="20211020 19:08:15.010" level="INFO">${full_img_filename} = C:\ProgramData\Temp\rcfee5d3\AppData\Local\Temp\30_18088_764360700_1\workarea61704c94\image\20.png</msg>
<status status="PASS" starttime="20211020 19:08:15.009" endtime="20211020 19:08:15.010"/>
</kw>
<kw name="Wait Until Element Is Visible" library="RPA.Browser.Selenium">
<arg>${img_robot}</arg>
<doc>Waits until the element ``locator`` is visible.</doc>
<status status="PASS" starttime="20211020 19:08:15.010" endtime="20211020 19:08:15.023"/>
</kw>
<kw name="Wait Until Element Is Visible" library="RPA.Browser.Selenium">
<arg>${lbl_orderid}</arg>
<doc>Waits until the element ``locator`` is visible.</doc>
<status status="PASS" starttime="20211020 19:08:15.023" endtime="20211020 19:08:15.035"/>
</kw>
<kw name="Log To Console" library="BuiltIn">
<arg>Capturing Screenshot to ${full_img_filename}</arg>
<doc>Logs the given message to the console.</doc>
<status status="PASS" starttime="20211020 19:08:15.035" endtime="20211020 19:08:15.035"/>
</kw>
<kw name="Capture Element Screenshot" library="RPA.Browser.Selenium">
<arg>${img_robot}</arg>
<arg>${full_img_filename}</arg>
<doc>Captures a screenshot from the element identified by ``locator`` and embeds it into log file.</doc>
<msg timestamp="20211020 19:08:15.133" level="INFO" html="true">&lt;/td&gt;&lt;/tr&gt;&lt;tr&gt;&lt;td colspan="3"&gt;&lt;a href="../image/20.png"&gt;&lt;img src="../image/20.png" width="400px"&gt;&lt;/a&gt;</msg>
<status status="PASS" starttime="20211020 19:08:15.035" endtime="20211020 19:08:15.133"/>
</kw>
<msg timestamp="20211020 19:08:15.134" level="INFO">${orderid} = 20</msg>
<msg timestamp="20211020 19:08:15.134" level="INFO">${screenshot} = C:\ProgramData\Temp\rcfee5d3\AppData\Local\Temp\30_18088_764360700_1\workarea61704c94\image\20.png</msg>
<status status="PASS" starttime="20211020 19:08:15.006" endtime="20211020 19:08:15.134"/>
</kw>
<kw name="Log To Console" library="BuiltIn">
<arg>PDF Name</arg>
<arg>${pdf}</arg>
<doc>Logs the given message to the console.</doc>
<status status="PASS" starttime="20211020 19:08:15.134" endtime="20211020 19:08:15.136"/>
</kw>
<kw name="Log To Console" library="BuiltIn">
<arg>Image Name</arg>
<arg>${screenshot}</arg>
<doc>Logs the given message to the console.</doc>
<status status="PASS" starttime="20211020 19:08:15.136" endtime="20211020 19:08:15.136"/>
</kw>
<kw name="Embed the robot screenshot to the receipt PDF file">
<arg>${screenshot}</arg>
<arg>${pdf}</arg>
<kw name="Log To Console" library="BuiltIn">
<arg>Printing Embedding image FUNC ${IMG_FILE} in pdf file ${PDF_FILE}</arg>
<doc>Logs the given message to the console.</doc>
<status status="PASS" starttime="20211020 19:08:15.137" endtime="20211020 19:08:15.137"/>
</kw>
<kw name="Open Pdf" library="RPA.PDF">
<arg>${PDF_FILE}</arg>
<doc>Open a PDF document for reading.</doc>
<status status="PASS" starttime="20211020 19:08:15.138" endtime="20211020 19:08:15.139"/>
</kw>
<kw name="Create List" library="BuiltIn">
<var>${myfiles}</var>
<arg>${IMG_FILE}:x=0,y=0</arg>
<doc>Returns a list containing given items.</doc>
<msg timestamp="20211020 19:08:15.139" level="INFO">${myfiles} = ['C:\\ProgramData\\Temp\\rcfee5d3\\AppData\\Local\\Temp\\30_18088_764360700_1\\workarea61704c94\\image\\20.png:x=0,y=0']</msg>
<status status="PASS" starttime="20211020 19:08:15.139" endtime="20211020 19:08:15.139"/>
</kw>
<kw name="Add Files To Pdf" library="RPA.PDF">
<arg>${myfiles}</arg>
<arg>${PDF_FILE}</arg>
<arg>${True}</arg>
<doc>Add images and/or pdfs to new PDF document</doc>
<msg timestamp="20211020 19:08:15.141" level="INFO">Adding page: 0</msg>
<msg timestamp="20211020 19:08:15.141" level="INFO">File C:\ProgramData\Temp\rcfee5d3\AppData\Local\Temp\30_18088_764360700_1\workarea61704c94\image\20.png type: png</msg>
<msg timestamp="20211020 19:08:15.141" level="INFO">Image parameters: {'x': '0', 'y': '0'}</msg>
<status status="PASS" starttime="20211020 19:08:15.139" endtime="20211020 19:08:15.158"/>
</kw>
<kw name="Close Pdf" library="RPA.PDF">
<arg>${PDF_FILE}</arg>
<doc>Close PDF file descriptor for certain file.</doc>
<msg timestamp="20211020 19:08:15.159" level="INFO">Closing PDF document: C:\ProgramData\Temp\rcfee5d3\AppData\Local\Temp\30_18088_764360700_1\workarea61704c94\pdf\20.pdf</msg>
<status status="PASS" starttime="20211020 19:08:15.158" endtime="20211020 19:08:15.159"/>
</kw>
<status status="PASS" starttime="20211020 19:08:15.137" endtime="20211020 19:08:15.159"/>
</kw>
<kw name="Submit another order">
<kw name="Set Local Variable" library="BuiltIn">
<arg>${btn_order_another_robot}</arg>
<arg>//*[@id="order-another"]</arg>
<doc>Makes a variable available everywhere within the local scope.</doc>
<msg timestamp="20211020 19:08:15.161" level="INFO">${btn_order_another_robot} = //*[@id="order-another"]</msg>
<status status="PASS" starttime="20211020 19:08:15.160" endtime="20211020 19:08:15.161"/>
</kw>
<kw name="Click Button" library="RPA.Browser.Selenium">
<arg>${btn_order_another_robot}</arg>
<doc>Clicks the button identified by ``locator``.</doc>
<msg timestamp="20211020 19:08:15.161" level="INFO">Clicking button '//*[@id="order-another"]'.</msg>
<status status="PASS" starttime="20211020 19:08:15.161" endtime="20211020 19:08:15.269"/>
</kw>
<status status="PASS" starttime="20211020 19:08:15.159" endtime="20211020 19:08:15.270"/>
</kw>
<status status="PASS" starttime="20211020 19:08:14.506" endtime="20211020 19:08:15.270"/>
</iter>
<status status="PASS" starttime="20211020 19:07:54.337" endtime="20211020 19:08:15.270"/>
</for>
<kw name="Close the annoying window">
<kw name="Wait And Click Button" library="RPA.Browser.Selenium">
<arg>XPath://*[@id="root"]/div/div[2]/div/div/div/div/div/button[1]</arg>
<doc>Click button identified by ``locator``, once it becomes visible.</doc>
<msg timestamp="20211020 19:08:15.287" level="INFO">Clicking button 'XPath://*[@id="root"]/div/div[2]/div/div/div/div/div/button[1]'.</msg>
<status status="PASS" starttime="20211020 19:08:15.271" endtime="20211020 19:08:15.326"/>
</kw>
<status status="PASS" starttime="20211020 19:08:15.270" endtime="20211020 19:08:15.327"/>
</kw>
<kw name="Create a ZIP file">
<kw name="Archive Folder With Zip" library="RPA.Archive">
<arg>${pdf_folder}</arg>
<arg>${zip_file}</arg>
<arg>recursive=True</arg>
<arg>include=*.pdf</arg>
<doc>Create a zip archive of a folder</doc>
<status status="PASS" starttime="20211020 19:08:15.327" endtime="20211020 19:08:15.341"/>
</kw>
<status status="PASS" starttime="20211020 19:08:15.327" endtime="20211020 19:08:15.341"/>
</kw>
<kw name="Successful Dialog">
<kw name="Get The Developer Name From my Control Room Vault">
<var>${secret}</var>
<kw name="Get Secret" library="RPA.Robocorp.Vault">
<var>${secret}</var>
<arg>myInfo</arg>
<doc>Read a secret from the configured source, e.g. Robocorp Vault,
and return it as a ``Secret`` object.</doc>
<msg timestamp="20211020 19:08:15.342" level="INFO">Protecting keyword: RPA.Robocorp.Vault.Get Secret</msg>
<msg timestamp="20211020 19:08:15.343" level="INFO">Log level changed from NONE to INFO.</msg>
<status status="PASS" starttime="20211020 19:08:15.342" endtime="20211020 19:08:15.343"/>
</kw>
<kw name="Log" library="BuiltIn">
<arg>${secret}[myName]</arg>
<doc>Logs the given message with the given level.</doc>
<msg timestamp="20211020 19:08:15.344" level="INFO">Stefano</msg>
<status status="PASS" starttime="20211020 19:08:15.344" endtime="20211020 19:08:15.344"/>
</kw>
<kw name="Log" library="BuiltIn">
<arg>${secret}[myMsg]</arg>
<doc>Logs the given message with the given level.</doc>
<msg timestamp="20211020 19:08:15.344" level="INFO">We are pleased to say that all orders are entered!</msg>
<status status="PASS" starttime="20211020 19:08:15.344" endtime="20211020 19:08:15.344"/>
</kw>
<msg timestamp="20211020 19:08:15.345" level="INFO">${secret} = Secret(name=myInfo, keys=[myName, myMsg])</msg>
<status status="PASS" starttime="20211020 19:08:15.342" endtime="20211020 19:08:15.345"/>
</kw>
<kw name="Set Local Variable" library="BuiltIn">
<arg>${my_name}</arg>
<arg>${secret}[myName]</arg>
<doc>Makes a variable available everywhere within the local scope.</doc>
<msg timestamp="20211020 19:08:15.346" level="INFO">${my_name} = Stefano</msg>
<status status="PASS" starttime="20211020 19:08:15.345" endtime="20211020 19:08:15.346"/>
</kw>
<kw name="Set Local Variable" library="BuiltIn">
<arg>${my_msg}</arg>
<arg>${secret}[myMsg]</arg>
<doc>Makes a variable available everywhere within the local scope.</doc>
<msg timestamp="20211020 19:08:15.347" level="INFO">${my_msg} = We are pleased to say that all orders are entered!</msg>
<status status="PASS" starttime="20211020 19:08:15.346" endtime="20211020 19:08:15.347"/>
</kw>
<kw name="Set Local Variable" library="BuiltIn">
<arg>${my_msg_dialog}</arg>
<arg>${my_name} - ${my_msg}</arg>
<doc>Makes a variable available everywhere within the local scope.</doc>
<msg timestamp="20211020 19:08:15.348" level="INFO">${my_msg_dialog} = Stefano - We are pleased to say that all orders are entered!</msg>
<status status="PASS" starttime="20211020 19:08:15.347" endtime="20211020 19:08:15.349"/>
</kw>
<kw name="Add icon" library="RPA.Dialogs">
<arg>Success</arg>
<doc>Add an icon element</doc>
<status status="PASS" starttime="20211020 19:08:15.349" endtime="20211020 19:08:15.349"/>
</kw>
<kw name="Add heading" library="RPA.Dialogs">
<arg>Your orders have been processed</arg>
<doc>Add a centered heading text element</doc>
<status status="PASS" starttime="20211020 19:08:15.349" endtime="20211020 19:08:15.349"/>
</kw>
<kw name="Add text" library="RPA.Dialogs">
<arg>Dear ${my_msg_dialog}</arg>
<doc>Add a text paragraph element, for larger bodies of text</doc>
<status status="PASS" starttime="20211020 19:08:15.349" endtime="20211020 19:08:15.350"/>
</kw>
<kw name="Run dialog" library="RPA.Dialogs">
<arg>title=Success</arg>
<tag>dialog</tag>
<doc>Create a dialog from all the defined elements and block
until the user has handled it.</doc>
<msg timestamp="20211020 19:08:15.350" level="INFO">Protecting keyword: RPA.Dialogs.Run dialog</msg>
<msg timestamp="20211020 19:08:19.882" level="INFO">Log level changed from NONE to INFO.</msg>
<status status="PASS" starttime="20211020 19:08:15.350" endtime="20211020 19:08:19.881"/>
</kw>
<status status="PASS" starttime="20211020 19:08:15.341" endtime="20211020 19:08:19.882"/>
</kw>
<kw name="Log Out And Close The Browser" type="TEARDOWN">
<kw name="Close Browser" library="RPA.Browser.Selenium">
<doc>Closes the current browser.</doc>
<status status="PASS" starttime="20211020 19:08:19.883" endtime="20211020 19:08:21.994"/>
</kw>
<status status="PASS" starttime="20211020 19:08:19.882" endtime="20211020 19:08:21.994"/>
</kw>
<status status="PASS" starttime="20211020 19:06:37.623" endtime="20211020 19:08:21.994"/>
</test>
<doc>Orders robots from RobotSpareBin Industries Inc.
Saves the order HTML receipt as a PDF file.
Saves the screenshot of the ordered robot.
Embeds the screenshot of the robot to the PDF receipt.
Creates ZIP archive of the receipts and the images.</doc>
<status status="PASS" starttime="20211020 19:06:36.260" endtime="20211020 19:08:21.996"/>
</suite>
<statistics>
<total>
<stat pass="1" fail="0" skip="0">All Tasks</stat>
</total>
<tag>
</tag>
<suite>
<stat pass="1" fail="0" skip="0" id="s1" name="Ordersrob">Ordersrob</stat>
</suite>
</statistics>
<errors>
</errors>
</robot>
